

Started GET "/home" for 127.0.0.1 at 2014-11-11 20:25:48 +0700

ActionController::RoutingError (No route matches [GET] "/home"):
  actionpack (4.1.2) lib/action_dispatch/middleware/debug_exceptions.rb:21:in `call'
  actionpack (4.1.2) lib/action_dispatch/middleware/show_exceptions.rb:30:in `call'
  railties (4.1.2) lib/rails/rack/logger.rb:38:in `call_app'
  railties (4.1.2) lib/rails/rack/logger.rb:20:in `block in call'
  activesupport (4.1.2) lib/active_support/tagged_logging.rb:68:in `block in tagged'
  activesupport (4.1.2) lib/active_support/tagged_logging.rb:26:in `tagged'
  activesupport (4.1.2) lib/active_support/tagged_logging.rb:68:in `tagged'
  railties (4.1.2) lib/rails/rack/logger.rb:20:in `call'
  actionpack (4.1.2) lib/action_dispatch/middleware/request_id.rb:21:in `call'
  rack (1.5.2) lib/rack/methodoverride.rb:21:in `call'
  rack (1.5.2) lib/rack/runtime.rb:17:in `call'
  activesupport (4.1.2) lib/active_support/cache/strategy/local_cache_middleware.rb:26:in `call'
  rack (1.5.2) lib/rack/lock.rb:17:in `call'
  actionpack (4.1.2) lib/action_dispatch/middleware/static.rb:64:in `call'
  rack (1.5.2) lib/rack/sendfile.rb:112:in `call'
  railties (4.1.2) lib/rails/engine.rb:514:in `call'
  railties (4.1.2) lib/rails/application.rb:144:in `call'
  rack (1.5.2) lib/rack/lock.rb:17:in `call'
  rack (1.5.2) lib/rack/content_length.rb:14:in `call'
  rack (1.5.2) lib/rack/handler/webrick.rb:60:in `service'
  /home/hiepnp/.rvm/rubies/ruby-2.1.2/lib/ruby/2.1.0/webrick/httpserver.rb:138:in `service'
  /home/hiepnp/.rvm/rubies/ruby-2.1.2/lib/ruby/2.1.0/webrick/httpserver.rb:94:in `run'
  /home/hiepnp/.rvm/rubies/ruby-2.1.2/lib/ruby/2.1.0/webrick/server.rb:295:in `block in start_thread'


  Rendered /home/hiepnp/.rvm/gems/ruby-2.1.2/gems/actionpack-4.1.2/lib/action_dispatch/middleware/templates/rescues/_trace.html.erb (1.8ms)
  Rendered /home/hiepnp/.rvm/gems/ruby-2.1.2/gems/actionpack-4.1.2/lib/action_dispatch/middleware/templates/routes/_route.html.erb (1.6ms)
  Rendered /home/hiepnp/.rvm/gems/ruby-2.1.2/gems/actionpack-4.1.2/lib/action_dispatch/middleware/templates/routes/_table.html.erb (48.4ms)
  Rendered /home/hiepnp/.rvm/gems/ruby-2.1.2/gems/actionpack-4.1.2/lib/action_dispatch/middleware/templates/rescues/routing_error.html.erb within rescues/layout (139.3ms)


Started GET "/static_pages/home" for 127.0.0.1 at 2014-11-11 20:26:22 +0700
Processing by StaticPagesController#home as HTML
  Rendered static_pages/home.html.erb within layouts/application (0.6ms)
Completed 200 OK in 1884ms (Views: 1826.9ms | ActiveRecord: 0.0ms)


Started GET "/assets/static_pages.css?body=1" for 127.0.0.1 at 2014-11-11 20:26:24 +0700


Started GET "/assets/static_pages.js?body=1" for 127.0.0.1 at 2014-11-11 20:26:24 +0700


Started GET "/assets/application.css?body=1" for 127.0.0.1 at 2014-11-11 20:26:24 +0700


Started GET "/assets/jquery.js?body=1" for 127.0.0.1 at 2014-11-11 20:26:24 +0700


Started GET "/assets/turbolinks.js?body=1" for 127.0.0.1 at 2014-11-11 20:26:24 +0700


Started GET "/assets/jquery_ujs.js?body=1" for 127.0.0.1 at 2014-11-11 20:26:24 +0700


Started GET "/assets/application.js?body=1" for 127.0.0.1 at 2014-11-11 20:26:24 +0700


Started GET "/static_pages/home" for 127.0.0.1 at 2014-11-11 20:26:57 +0700
Processing by StaticPagesController#home as HTML
  Rendered static_pages/home.html.erb within layouts/application (0.7ms)
Completed 200 OK in 114ms (Views: 105.6ms | ActiveRecord: 0.0ms)


Started GET "/assets/static_pages.css?body=1" for 127.0.0.1 at 2014-11-11 20:26:57 +0700


Started GET "/assets/application.css?body=1" for 127.0.0.1 at 2014-11-11 20:26:57 +0700


Started GET "/assets/jquery.js?body=1" for 127.0.0.1 at 2014-11-11 20:26:57 +0700


Started GET "/assets/turbolinks.js?body=1" for 127.0.0.1 at 2014-11-11 20:26:58 +0700


Started GET "/assets/jquery_ujs.js?body=1" for 127.0.0.1 at 2014-11-11 20:26:58 +0700


Started GET "/assets/static_pages.js?body=1" for 127.0.0.1 at 2014-11-11 20:26:58 +0700


Started GET "/assets/application.js?body=1" for 127.0.0.1 at 2014-11-11 20:26:58 +0700


Started GET "/static_pages/help" for 127.0.0.1 at 2014-11-11 20:27:03 +0700
Processing by StaticPagesController#help as HTML
  Rendered static_pages/help.html.erb within layouts/application (6.6ms)
Completed 200 OK in 113ms (Views: 111.9ms | ActiveRecord: 0.0ms)


Started GET "/assets/static_pages.css?body=1" for 127.0.0.1 at 2014-11-11 20:27:03 +0700


Started GET "/assets/application.css?body=1" for 127.0.0.1 at 2014-11-11 20:27:03 +0700


Started GET "/assets/jquery.js?body=1" for 127.0.0.1 at 2014-11-11 20:27:03 +0700


Started GET "/assets/jquery_ujs.js?body=1" for 127.0.0.1 at 2014-11-11 20:27:03 +0700


Started GET "/assets/turbolinks.js?body=1" for 127.0.0.1 at 2014-11-11 20:27:03 +0700


Started GET "/assets/static_pages.js?body=1" for 127.0.0.1 at 2014-11-11 20:27:03 +0700


Started GET "/assets/application.js?body=1" for 127.0.0.1 at 2014-11-11 20:27:03 +0700


Started GET "/static_pages/login" for 127.0.0.1 at 2014-11-11 20:27:10 +0700
Processing by StaticPagesController#login as HTML
  Rendered static_pages/login.html.erb within layouts/application (0.7ms)
Completed 200 OK in 129ms (Views: 128.4ms | ActiveRecord: 0.0ms)


Started GET "/assets/static_pages.css?body=1" for 127.0.0.1 at 2014-11-11 20:27:10 +0700


Started GET "/assets/application.css?body=1" for 127.0.0.1 at 2014-11-11 20:27:10 +0700


Started GET "/assets/jquery.js?body=1" for 127.0.0.1 at 2014-11-11 20:27:10 +0700


Started GET "/assets/jquery_ujs.js?body=1" for 127.0.0.1 at 2014-11-11 20:27:10 +0700


Started GET "/assets/turbolinks.js?body=1" for 127.0.0.1 at 2014-11-11 20:27:10 +0700


Started GET "/assets/static_pages.js?body=1" for 127.0.0.1 at 2014-11-11 20:27:10 +0700


Started GET "/assets/application.js?body=1" for 127.0.0.1 at 2014-11-11 20:27:10 +0700


Started GET "/static_pages/home" for 127.0.0.1 at 2014-11-11 20:28:44 +0700
Processing by StaticPagesController#home as HTML
  Rendered static_pages/home.html.erb within layouts/application (6.9ms)
Completed 200 OK in 175ms (Views: 174.2ms | ActiveRecord: 0.0ms)


Started GET "/assets/static_pages.css?body=1" for 127.0.0.1 at 2014-11-11 20:28:44 +0700


Started GET "/assets/application.css?body=1" for 127.0.0.1 at 2014-11-11 20:28:44 +0700


Started GET "/assets/jquery_ujs.js?body=1" for 127.0.0.1 at 2014-11-11 20:28:44 +0700


Started GET "/assets/jquery.js?body=1" for 127.0.0.1 at 2014-11-11 20:28:44 +0700


Started GET "/assets/static_pages.js?body=1" for 127.0.0.1 at 2014-11-11 20:28:44 +0700


Started GET "/assets/turbolinks.js?body=1" for 127.0.0.1 at 2014-11-11 20:28:44 +0700


Started GET "/assets/application.js?body=1" for 127.0.0.1 at 2014-11-11 20:28:44 +0700


Started GET "/static_pages/home" for 127.0.0.1 at 2014-11-11 20:28:58 +0700
Processing by StaticPagesController#home as HTML
  Rendered static_pages/home.html.erb within layouts/application (0.8ms)
Completed 200 OK in 117ms (Views: 115.7ms | ActiveRecord: 0.0ms)


Started GET "/assets/static_pages.css?body=1" for 127.0.0.1 at 2014-11-11 20:28:59 +0700


Started GET "/assets/application.css?body=1" for 127.0.0.1 at 2014-11-11 20:28:59 +0700


Started GET "/assets/jquery.js?body=1" for 127.0.0.1 at 2014-11-11 20:28:59 +0700


Started GET "/assets/jquery_ujs.js?body=1" for 127.0.0.1 at 2014-11-11 20:28:59 +0700


Started GET "/assets/turbolinks.js?body=1" for 127.0.0.1 at 2014-11-11 20:28:59 +0700


Started GET "/assets/static_pages.js?body=1" for 127.0.0.1 at 2014-11-11 20:28:59 +0700


Started GET "/assets/application.js?body=1" for 127.0.0.1 at 2014-11-11 20:28:59 +0700


Started GET "/static_pages/" for 127.0.0.1 at 2014-11-11 20:31:12 +0700

ActionController::RoutingError (No route matches [GET] "/static_pages"):
  actionpack (4.1.2) lib/action_dispatch/middleware/debug_exceptions.rb:21:in `call'
  actionpack (4.1.2) lib/action_dispatch/middleware/show_exceptions.rb:30:in `call'
  railties (4.1.2) lib/rails/rack/logger.rb:38:in `call_app'
  railties (4.1.2) lib/rails/rack/logger.rb:20:in `block in call'
  activesupport (4.1.2) lib/active_support/tagged_logging.rb:68:in `block in tagged'
  activesupport (4.1.2) lib/active_support/tagged_logging.rb:26:in `tagged'
  activesupport (4.1.2) lib/active_support/tagged_logging.rb:68:in `tagged'
  railties (4.1.2) lib/rails/rack/logger.rb:20:in `call'
  actionpack (4.1.2) lib/action_dispatch/middleware/request_id.rb:21:in `call'
  rack (1.5.2) lib/rack/methodoverride.rb:21:in `call'
  rack (1.5.2) lib/rack/runtime.rb:17:in `call'
  activesupport (4.1.2) lib/active_support/cache/strategy/local_cache_middleware.rb:26:in `call'
  rack (1.5.2) lib/rack/lock.rb:17:in `call'
  actionpack (4.1.2) lib/action_dispatch/middleware/static.rb:64:in `call'
  rack (1.5.2) lib/rack/sendfile.rb:112:in `call'
  railties (4.1.2) lib/rails/engine.rb:514:in `call'
  railties (4.1.2) lib/rails/application.rb:144:in `call'
  rack (1.5.2) lib/rack/lock.rb:17:in `call'
  rack (1.5.2) lib/rack/content_length.rb:14:in `call'
  rack (1.5.2) lib/rack/handler/webrick.rb:60:in `service'
  /home/hiepnp/.rvm/rubies/ruby-2.1.2/lib/ruby/2.1.0/webrick/httpserver.rb:138:in `service'
  /home/hiepnp/.rvm/rubies/ruby-2.1.2/lib/ruby/2.1.0/webrick/httpserver.rb:94:in `run'
  /home/hiepnp/.rvm/rubies/ruby-2.1.2/lib/ruby/2.1.0/webrick/server.rb:295:in `block in start_thread'


  Rendered /home/hiepnp/.rvm/gems/ruby-2.1.2/gems/actionpack-4.1.2/lib/action_dispatch/middleware/templates/rescues/_trace.html.erb (10.8ms)
  Rendered /home/hiepnp/.rvm/gems/ruby-2.1.2/gems/actionpack-4.1.2/lib/action_dispatch/middleware/templates/routes/_route.html.erb (2.1ms)
  Rendered /home/hiepnp/.rvm/gems/ruby-2.1.2/gems/actionpack-4.1.2/lib/action_dispatch/middleware/templates/routes/_table.html.erb (5.0ms)
  Rendered /home/hiepnp/.rvm/gems/ruby-2.1.2/gems/actionpack-4.1.2/lib/action_dispatch/middleware/templates/rescues/routing_error.html.erb within rescues/layout (44.8ms)


Started GET "/static_pages/" for 127.0.0.1 at 2014-11-11 20:31:19 +0700

ActionController::RoutingError (No route matches [GET] "/static_pages"):
  actionpack (4.1.2) lib/action_dispatch/middleware/debug_exceptions.rb:21:in `call'
  actionpack (4.1.2) lib/action_dispatch/middleware/show_exceptions.rb:30:in `call'
  railties (4.1.2) lib/rails/rack/logger.rb:38:in `call_app'
  railties (4.1.2) lib/rails/rack/logger.rb:20:in `block in call'
  activesupport (4.1.2) lib/active_support/tagged_logging.rb:68:in `block in tagged'
  activesupport (4.1.2) lib/active_support/tagged_logging.rb:26:in `tagged'
  activesupport (4.1.2) lib/active_support/tagged_logging.rb:68:in `tagged'
  railties (4.1.2) lib/rails/rack/logger.rb:20:in `call'
  actionpack (4.1.2) lib/action_dispatch/middleware/request_id.rb:21:in `call'
  rack (1.5.2) lib/rack/methodoverride.rb:21:in `call'
  rack (1.5.2) lib/rack/runtime.rb:17:in `call'
  activesupport (4.1.2) lib/active_support/cache/strategy/local_cache_middleware.rb:26:in `call'
  rack (1.5.2) lib/rack/lock.rb:17:in `call'
  actionpack (4.1.2) lib/action_dispatch/middleware/static.rb:64:in `call'
  rack (1.5.2) lib/rack/sendfile.rb:112:in `call'
  railties (4.1.2) lib/rails/engine.rb:514:in `call'
  railties (4.1.2) lib/rails/application.rb:144:in `call'
  rack (1.5.2) lib/rack/lock.rb:17:in `call'
  rack (1.5.2) lib/rack/content_length.rb:14:in `call'
  rack (1.5.2) lib/rack/handler/webrick.rb:60:in `service'
  /home/hiepnp/.rvm/rubies/ruby-2.1.2/lib/ruby/2.1.0/webrick/httpserver.rb:138:in `service'
  /home/hiepnp/.rvm/rubies/ruby-2.1.2/lib/ruby/2.1.0/webrick/httpserver.rb:94:in `run'
  /home/hiepnp/.rvm/rubies/ruby-2.1.2/lib/ruby/2.1.0/webrick/server.rb:295:in `block in start_thread'


  Rendered /home/hiepnp/.rvm/gems/ruby-2.1.2/gems/actionpack-4.1.2/lib/action_dispatch/middleware/templates/rescues/_trace.html.erb (1.9ms)
  Rendered /home/hiepnp/.rvm/gems/ruby-2.1.2/gems/actionpack-4.1.2/lib/action_dispatch/middleware/templates/routes/_route.html.erb (7.7ms)
  Rendered /home/hiepnp/.rvm/gems/ruby-2.1.2/gems/actionpack-4.1.2/lib/action_dispatch/middleware/templates/routes/_table.html.erb (1.8ms)
  Rendered /home/hiepnp/.rvm/gems/ruby-2.1.2/gems/actionpack-4.1.2/lib/action_dispatch/middleware/templates/rescues/routing_error.html.erb within rescues/layout (89.8ms)


Started GET "/static_pages" for 127.0.0.1 at 2014-11-11 20:31:21 +0700

ActionController::RoutingError (No route matches [GET] "/static_pages"):
  actionpack (4.1.2) lib/action_dispatch/middleware/debug_exceptions.rb:21:in `call'
  actionpack (4.1.2) lib/action_dispatch/middleware/show_exceptions.rb:30:in `call'
  railties (4.1.2) lib/rails/rack/logger.rb:38:in `call_app'
  railties (4.1.2) lib/rails/rack/logger.rb:20:in `block in call'
  activesupport (4.1.2) lib/active_support/tagged_logging.rb:68:in `block in tagged'
  activesupport (4.1.2) lib/active_support/tagged_logging.rb:26:in `tagged'
  activesupport (4.1.2) lib/active_support/tagged_logging.rb:68:in `tagged'
  railties (4.1.2) lib/rails/rack/logger.rb:20:in `call'
  actionpack (4.1.2) lib/action_dispatch/middleware/request_id.rb:21:in `call'
  rack (1.5.2) lib/rack/methodoverride.rb:21:in `call'
  rack (1.5.2) lib/rack/runtime.rb:17:in `call'
  activesupport (4.1.2) lib/active_support/cache/strategy/local_cache_middleware.rb:26:in `call'
  rack (1.5.2) lib/rack/lock.rb:17:in `call'
  actionpack (4.1.2) lib/action_dispatch/middleware/static.rb:64:in `call'
  rack (1.5.2) lib/rack/sendfile.rb:112:in `call'
  railties (4.1.2) lib/rails/engine.rb:514:in `call'
  railties (4.1.2) lib/rails/application.rb:144:in `call'
  rack (1.5.2) lib/rack/lock.rb:17:in `call'
  rack (1.5.2) lib/rack/content_length.rb:14:in `call'
  rack (1.5.2) lib/rack/handler/webrick.rb:60:in `service'
  /home/hiepnp/.rvm/rubies/ruby-2.1.2/lib/ruby/2.1.0/webrick/httpserver.rb:138:in `service'
  /home/hiepnp/.rvm/rubies/ruby-2.1.2/lib/ruby/2.1.0/webrick/httpserver.rb:94:in `run'
  /home/hiepnp/.rvm/rubies/ruby-2.1.2/lib/ruby/2.1.0/webrick/server.rb:295:in `block in start_thread'


  Rendered /home/hiepnp/.rvm/gems/ruby-2.1.2/gems/actionpack-4.1.2/lib/action_dispatch/middleware/templates/rescues/_trace.html.erb (2.7ms)
  Rendered /home/hiepnp/.rvm/gems/ruby-2.1.2/gems/actionpack-4.1.2/lib/action_dispatch/middleware/templates/routes/_route.html.erb (7.5ms)
  Rendered /home/hiepnp/.rvm/gems/ruby-2.1.2/gems/actionpack-4.1.2/lib/action_dispatch/middleware/templates/routes/_table.html.erb (1.8ms)
  Rendered /home/hiepnp/.rvm/gems/ruby-2.1.2/gems/actionpack-4.1.2/lib/action_dispatch/middleware/templates/rescues/routing_error.html.erb within rescues/layout (89.2ms)


Started GET "/static_pages/" for 127.0.0.1 at 2014-11-11 20:31:26 +0700

ActionController::RoutingError (No route matches [GET] "/static_pages"):
  actionpack (4.1.2) lib/action_dispatch/middleware/debug_exceptions.rb:21:in `call'
  actionpack (4.1.2) lib/action_dispatch/middleware/show_exceptions.rb:30:in `call'
  railties (4.1.2) lib/rails/rack/logger.rb:38:in `call_app'
  railties (4.1.2) lib/rails/rack/logger.rb:20:in `block in call'
  activesupport (4.1.2) lib/active_support/tagged_logging.rb:68:in `block in tagged'
  activesupport (4.1.2) lib/active_support/tagged_logging.rb:26:in `tagged'
  activesupport (4.1.2) lib/active_support/tagged_logging.rb:68:in `tagged'
  railties (4.1.2) lib/rails/rack/logger.rb:20:in `call'
  actionpack (4.1.2) lib/action_dispatch/middleware/request_id.rb:21:in `call'
  rack (1.5.2) lib/rack/methodoverride.rb:21:in `call'
  rack (1.5.2) lib/rack/runtime.rb:17:in `call'
  activesupport (4.1.2) lib/active_support/cache/strategy/local_cache_middleware.rb:26:in `call'
  rack (1.5.2) lib/rack/lock.rb:17:in `call'
  actionpack (4.1.2) lib/action_dispatch/middleware/static.rb:64:in `call'
  rack (1.5.2) lib/rack/sendfile.rb:112:in `call'
  railties (4.1.2) lib/rails/engine.rb:514:in `call'
  railties (4.1.2) lib/rails/application.rb:144:in `call'
  rack (1.5.2) lib/rack/lock.rb:17:in `call'
  rack (1.5.2) lib/rack/content_length.rb:14:in `call'
  rack (1.5.2) lib/rack/handler/webrick.rb:60:in `service'
  /home/hiepnp/.rvm/rubies/ruby-2.1.2/lib/ruby/2.1.0/webrick/httpserver.rb:138:in `service'
  /home/hiepnp/.rvm/rubies/ruby-2.1.2/lib/ruby/2.1.0/webrick/httpserver.rb:94:in `run'
  /home/hiepnp/.rvm/rubies/ruby-2.1.2/lib/ruby/2.1.0/webrick/server.rb:295:in `block in start_thread'


  Rendered /home/hiepnp/.rvm/gems/ruby-2.1.2/gems/actionpack-4.1.2/lib/action_dispatch/middleware/templates/rescues/_trace.html.erb (6.8ms)
  Rendered /home/hiepnp/.rvm/gems/ruby-2.1.2/gems/actionpack-4.1.2/lib/action_dispatch/middleware/templates/routes/_route.html.erb (11.7ms)
  Rendered /home/hiepnp/.rvm/gems/ruby-2.1.2/gems/actionpack-4.1.2/lib/action_dispatch/middleware/templates/routes/_table.html.erb (4.2ms)
  Rendered /home/hiepnp/.rvm/gems/ruby-2.1.2/gems/actionpack-4.1.2/lib/action_dispatch/middleware/templates/rescues/routing_error.html.erb within rescues/layout (93.2ms)


Started GET "/static_pages//" for 127.0.0.1 at 2014-11-11 20:31:38 +0700

ActionController::RoutingError (No route matches [GET] "/static_pages"):
  actionpack (4.1.2) lib/action_dispatch/middleware/debug_exceptions.rb:21:in `call'
  actionpack (4.1.2) lib/action_dispatch/middleware/show_exceptions.rb:30:in `call'
  railties (4.1.2) lib/rails/rack/logger.rb:38:in `call_app'
  railties (4.1.2) lib/rails/rack/logger.rb:20:in `block in call'
  activesupport (4.1.2) lib/active_support/tagged_logging.rb:68:in `block in tagged'
  activesupport (4.1.2) lib/active_support/tagged_logging.rb:26:in `tagged'
  activesupport (4.1.2) lib/active_support/tagged_logging.rb:68:in `tagged'
  railties (4.1.2) lib/rails/rack/logger.rb:20:in `call'
  actionpack (4.1.2) lib/action_dispatch/middleware/request_id.rb:21:in `call'
  rack (1.5.2) lib/rack/methodoverride.rb:21:in `call'
  rack (1.5.2) lib/rack/runtime.rb:17:in `call'
  activesupport (4.1.2) lib/active_support/cache/strategy/local_cache_middleware.rb:26:in `call'
  rack (1.5.2) lib/rack/lock.rb:17:in `call'
  actionpack (4.1.2) lib/action_dispatch/middleware/static.rb:64:in `call'
  rack (1.5.2) lib/rack/sendfile.rb:112:in `call'
  railties (4.1.2) lib/rails/engine.rb:514:in `call'
  railties (4.1.2) lib/rails/application.rb:144:in `call'
  rack (1.5.2) lib/rack/lock.rb:17:in `call'
  rack (1.5.2) lib/rack/content_length.rb:14:in `call'
  rack (1.5.2) lib/rack/handler/webrick.rb:60:in `service'
  /home/hiepnp/.rvm/rubies/ruby-2.1.2/lib/ruby/2.1.0/webrick/httpserver.rb:138:in `service'
  /home/hiepnp/.rvm/rubies/ruby-2.1.2/lib/ruby/2.1.0/webrick/httpserver.rb:94:in `run'
  /home/hiepnp/.rvm/rubies/ruby-2.1.2/lib/ruby/2.1.0/webrick/server.rb:295:in `block in start_thread'


  Rendered /home/hiepnp/.rvm/gems/ruby-2.1.2/gems/actionpack-4.1.2/lib/action_dispatch/middleware/templates/rescues/_trace.html.erb (10.2ms)
  Rendered /home/hiepnp/.rvm/gems/ruby-2.1.2/gems/actionpack-4.1.2/lib/action_dispatch/middleware/templates/routes/_route.html.erb (12.3ms)
  Rendered /home/hiepnp/.rvm/gems/ruby-2.1.2/gems/actionpack-4.1.2/lib/action_dispatch/middleware/templates/routes/_table.html.erb (6.7ms)
  Rendered /home/hiepnp/.rvm/gems/ruby-2.1.2/gems/actionpack-4.1.2/lib/action_dispatch/middleware/templates/rescues/routing_error.html.erb within rescues/layout (92.2ms)


Started GET "/static_pages/home" for 127.0.0.1 at 2014-11-11 20:31:46 +0700

ActionController::RoutingError (No route matches [GET] "/static_pages/home"):
  actionpack (4.1.2) lib/action_dispatch/middleware/debug_exceptions.rb:21:in `call'
  actionpack (4.1.2) lib/action_dispatch/middleware/show_exceptions.rb:30:in `call'
  railties (4.1.2) lib/rails/rack/logger.rb:38:in `call_app'
  railties (4.1.2) lib/rails/rack/logger.rb:20:in `block in call'
  activesupport (4.1.2) lib/active_support/tagged_logging.rb:68:in `block in tagged'
  activesupport (4.1.2) lib/active_support/tagged_logging.rb:26:in `tagged'
  activesupport (4.1.2) lib/active_support/tagged_logging.rb:68:in `tagged'
  railties (4.1.2) lib/rails/rack/logger.rb:20:in `call'
  actionpack (4.1.2) lib/action_dispatch/middleware/request_id.rb:21:in `call'
  rack (1.5.2) lib/rack/methodoverride.rb:21:in `call'
  rack (1.5.2) lib/rack/runtime.rb:17:in `call'
  activesupport (4.1.2) lib/active_support/cache/strategy/local_cache_middleware.rb:26:in `call'
  rack (1.5.2) lib/rack/lock.rb:17:in `call'
  actionpack (4.1.2) lib/action_dispatch/middleware/static.rb:64:in `call'
  rack (1.5.2) lib/rack/sendfile.rb:112:in `call'
  railties (4.1.2) lib/rails/engine.rb:514:in `call'
  railties (4.1.2) lib/rails/application.rb:144:in `call'
  rack (1.5.2) lib/rack/lock.rb:17:in `call'
  rack (1.5.2) lib/rack/content_length.rb:14:in `call'
  rack (1.5.2) lib/rack/handler/webrick.rb:60:in `service'
  /home/hiepnp/.rvm/rubies/ruby-2.1.2/lib/ruby/2.1.0/webrick/httpserver.rb:138:in `service'
  /home/hiepnp/.rvm/rubies/ruby-2.1.2/lib/ruby/2.1.0/webrick/httpserver.rb:94:in `run'
  /home/hiepnp/.rvm/rubies/ruby-2.1.2/lib/ruby/2.1.0/webrick/server.rb:295:in `block in start_thread'


  Rendered /home/hiepnp/.rvm/gems/ruby-2.1.2/gems/actionpack-4.1.2/lib/action_dispatch/middleware/templates/rescues/_trace.html.erb (4.8ms)
  Rendered /home/hiepnp/.rvm/gems/ruby-2.1.2/gems/actionpack-4.1.2/lib/action_dispatch/middleware/templates/routes/_route.html.erb (2.1ms)
  Rendered /home/hiepnp/.rvm/gems/ruby-2.1.2/gems/actionpack-4.1.2/lib/action_dispatch/middleware/templates/routes/_table.html.erb (2.7ms)
  Rendered /home/hiepnp/.rvm/gems/ruby-2.1.2/gems/actionpack-4.1.2/lib/action_dispatch/middleware/templates/rescues/routing_error.html.erb within rescues/layout (75.4ms)


Started GET "/static_pages/home" for 127.0.0.1 at 2014-11-11 20:31:50 +0700

ActionController::RoutingError (No route matches [GET] "/static_pages/home"):
  actionpack (4.1.2) lib/action_dispatch/middleware/debug_exceptions.rb:21:in `call'
  actionpack (4.1.2) lib/action_dispatch/middleware/show_exceptions.rb:30:in `call'
  railties (4.1.2) lib/rails/rack/logger.rb:38:in `call_app'
  railties (4.1.2) lib/rails/rack/logger.rb:20:in `block in call'
  activesupport (4.1.2) lib/active_support/tagged_logging.rb:68:in `block in tagged'
  activesupport (4.1.2) lib/active_support/tagged_logging.rb:26:in `tagged'
  activesupport (4.1.2) lib/active_support/tagged_logging.rb:68:in `tagged'
  railties (4.1.2) lib/rails/rack/logger.rb:20:in `call'
  actionpack (4.1.2) lib/action_dispatch/middleware/request_id.rb:21:in `call'
  rack (1.5.2) lib/rack/methodoverride.rb:21:in `call'
  rack (1.5.2) lib/rack/runtime.rb:17:in `call'
  activesupport (4.1.2) lib/active_support/cache/strategy/local_cache_middleware.rb:26:in `call'
  rack (1.5.2) lib/rack/lock.rb:17:in `call'
  actionpack (4.1.2) lib/action_dispatch/middleware/static.rb:64:in `call'
  rack (1.5.2) lib/rack/sendfile.rb:112:in `call'
  railties (4.1.2) lib/rails/engine.rb:514:in `call'
  railties (4.1.2) lib/rails/application.rb:144:in `call'
  rack (1.5.2) lib/rack/lock.rb:17:in `call'
  rack (1.5.2) lib/rack/content_length.rb:14:in `call'
  rack (1.5.2) lib/rack/handler/webrick.rb:60:in `service'
  /home/hiepnp/.rvm/rubies/ruby-2.1.2/lib/ruby/2.1.0/webrick/httpserver.rb:138:in `service'
  /home/hiepnp/.rvm/rubies/ruby-2.1.2/lib/ruby/2.1.0/webrick/httpserver.rb:94:in `run'
  /home/hiepnp/.rvm/rubies/ruby-2.1.2/lib/ruby/2.1.0/webrick/server.rb:295:in `block in start_thread'


  Rendered /home/hiepnp/.rvm/gems/ruby-2.1.2/gems/actionpack-4.1.2/lib/action_dispatch/middleware/templates/rescues/_trace.html.erb (6.3ms)
  Rendered /home/hiepnp/.rvm/gems/ruby-2.1.2/gems/actionpack-4.1.2/lib/action_dispatch/middleware/templates/routes/_route.html.erb (18.1ms)
  Rendered /home/hiepnp/.rvm/gems/ruby-2.1.2/gems/actionpack-4.1.2/lib/action_dispatch/middleware/templates/routes/_table.html.erb (5.0ms)
  Rendered /home/hiepnp/.rvm/gems/ruby-2.1.2/gems/actionpack-4.1.2/lib/action_dispatch/middleware/templates/rescues/routing_error.html.erb within rescues/layout (82.4ms)


Started GET "/static_pages/home" for 127.0.0.1 at 2014-11-11 20:33:10 +0700

ActionController::RoutingError (No route matches [GET] "/static_pages/home"):
  actionpack (4.1.2) lib/action_dispatch/middleware/debug_exceptions.rb:21:in `call'
  actionpack (4.1.2) lib/action_dispatch/middleware/show_exceptions.rb:30:in `call'
  railties (4.1.2) lib/rails/rack/logger.rb:38:in `call_app'
  railties (4.1.2) lib/rails/rack/logger.rb:20:in `block in call'
  activesupport (4.1.2) lib/active_support/tagged_logging.rb:68:in `block in tagged'
  activesupport (4.1.2) lib/active_support/tagged_logging.rb:26:in `tagged'
  activesupport (4.1.2) lib/active_support/tagged_logging.rb:68:in `tagged'
  railties (4.1.2) lib/rails/rack/logger.rb:20:in `call'
  actionpack (4.1.2) lib/action_dispatch/middleware/request_id.rb:21:in `call'
  rack (1.5.2) lib/rack/methodoverride.rb:21:in `call'
  rack (1.5.2) lib/rack/runtime.rb:17:in `call'
  activesupport (4.1.2) lib/active_support/cache/strategy/local_cache_middleware.rb:26:in `call'
  rack (1.5.2) lib/rack/lock.rb:17:in `call'
  actionpack (4.1.2) lib/action_dispatch/middleware/static.rb:64:in `call'
  rack (1.5.2) lib/rack/sendfile.rb:112:in `call'
  railties (4.1.2) lib/rails/engine.rb:514:in `call'
  railties (4.1.2) lib/rails/application.rb:144:in `call'
  rack (1.5.2) lib/rack/lock.rb:17:in `call'
  rack (1.5.2) lib/rack/content_length.rb:14:in `call'
  rack (1.5.2) lib/rack/handler/webrick.rb:60:in `service'
  /home/hiepnp/.rvm/rubies/ruby-2.1.2/lib/ruby/2.1.0/webrick/httpserver.rb:138:in `service'
  /home/hiepnp/.rvm/rubies/ruby-2.1.2/lib/ruby/2.1.0/webrick/httpserver.rb:94:in `run'
  /home/hiepnp/.rvm/rubies/ruby-2.1.2/lib/ruby/2.1.0/webrick/server.rb:295:in `block in start_thread'


  Rendered /home/hiepnp/.rvm/gems/ruby-2.1.2/gems/actionpack-4.1.2/lib/action_dispatch/middleware/templates/rescues/_trace.html.erb (13.4ms)
  Rendered /home/hiepnp/.rvm/gems/ruby-2.1.2/gems/actionpack-4.1.2/lib/action_dispatch/middleware/templates/routes/_route.html.erb (5.3ms)
  Rendered /home/hiepnp/.rvm/gems/ruby-2.1.2/gems/actionpack-4.1.2/lib/action_dispatch/middleware/templates/routes/_table.html.erb (6.9ms)
  Rendered /home/hiepnp/.rvm/gems/ruby-2.1.2/gems/actionpack-4.1.2/lib/action_dispatch/middleware/templates/rescues/routing_error.html.erb within rescues/layout (79.1ms)


Started GET "/static_pages/" for 127.0.0.1 at 2014-11-11 20:33:16 +0700

ActionController::RoutingError (No route matches [GET] "/static_pages"):
  actionpack (4.1.2) lib/action_dispatch/middleware/debug_exceptions.rb:21:in `call'
  actionpack (4.1.2) lib/action_dispatch/middleware/show_exceptions.rb:30:in `call'
  railties (4.1.2) lib/rails/rack/logger.rb:38:in `call_app'
  railties (4.1.2) lib/rails/rack/logger.rb:20:in `block in call'
  activesupport (4.1.2) lib/active_support/tagged_logging.rb:68:in `block in tagged'
  activesupport (4.1.2) lib/active_support/tagged_logging.rb:26:in `tagged'
  activesupport (4.1.2) lib/active_support/tagged_logging.rb:68:in `tagged'
  railties (4.1.2) lib/rails/rack/logger.rb:20:in `call'
  actionpack (4.1.2) lib/action_dispatch/middleware/request_id.rb:21:in `call'
  rack (1.5.2) lib/rack/methodoverride.rb:21:in `call'
  rack (1.5.2) lib/rack/runtime.rb:17:in `call'
  activesupport (4.1.2) lib/active_support/cache/strategy/local_cache_middleware.rb:26:in `call'
  rack (1.5.2) lib/rack/lock.rb:17:in `call'
  actionpack (4.1.2) lib/action_dispatch/middleware/static.rb:64:in `call'
  rack (1.5.2) lib/rack/sendfile.rb:112:in `call'
  railties (4.1.2) lib/rails/engine.rb:514:in `call'
  railties (4.1.2) lib/rails/application.rb:144:in `call'
  rack (1.5.2) lib/rack/lock.rb:17:in `call'
  rack (1.5.2) lib/rack/content_length.rb:14:in `call'
  rack (1.5.2) lib/rack/handler/webrick.rb:60:in `service'
  /home/hiepnp/.rvm/rubies/ruby-2.1.2/lib/ruby/2.1.0/webrick/httpserver.rb:138:in `service'
  /home/hiepnp/.rvm/rubies/ruby-2.1.2/lib/ruby/2.1.0/webrick/httpserver.rb:94:in `run'
  /home/hiepnp/.rvm/rubies/ruby-2.1.2/lib/ruby/2.1.0/webrick/server.rb:295:in `block in start_thread'


  Rendered /home/hiepnp/.rvm/gems/ruby-2.1.2/gems/actionpack-4.1.2/lib/action_dispatch/middleware/templates/rescues/_trace.html.erb (6.3ms)
  Rendered /home/hiepnp/.rvm/gems/ruby-2.1.2/gems/actionpack-4.1.2/lib/action_dispatch/middleware/templates/routes/_route.html.erb (12.9ms)
  Rendered /home/hiepnp/.rvm/gems/ruby-2.1.2/gems/actionpack-4.1.2/lib/action_dispatch/middleware/templates/routes/_table.html.erb (1.8ms)
  Rendered /home/hiepnp/.rvm/gems/ruby-2.1.2/gems/actionpack-4.1.2/lib/action_dispatch/middleware/templates/rescues/routing_error.html.erb within rescues/layout (76.5ms)


Started GET "/static_pages/" for 127.0.0.1 at 2014-11-11 20:33:18 +0700

ActionController::RoutingError (No route matches [GET] "/static_pages"):
  actionpack (4.1.2) lib/action_dispatch/middleware/debug_exceptions.rb:21:in `call'
  actionpack (4.1.2) lib/action_dispatch/middleware/show_exceptions.rb:30:in `call'
  railties (4.1.2) lib/rails/rack/logger.rb:38:in `call_app'
  railties (4.1.2) lib/rails/rack/logger.rb:20:in `block in call'
  activesupport (4.1.2) lib/active_support/tagged_logging.rb:68:in `block in tagged'
  activesupport (4.1.2) lib/active_support/tagged_logging.rb:26:in `tagged'
  activesupport (4.1.2) lib/active_support/tagged_logging.rb:68:in `tagged'
  railties (4.1.2) lib/rails/rack/logger.rb:20:in `call'
  actionpack (4.1.2) lib/action_dispatch/middleware/request_id.rb:21:in `call'
  rack (1.5.2) lib/rack/methodoverride.rb:21:in `call'
  rack (1.5.2) lib/rack/runtime.rb:17:in `call'
  activesupport (4.1.2) lib/active_support/cache/strategy/local_cache_middleware.rb:26:in `call'
  rack (1.5.2) lib/rack/lock.rb:17:in `call'
  actionpack (4.1.2) lib/action_dispatch/middleware/static.rb:64:in `call'
  rack (1.5.2) lib/rack/sendfile.rb:112:in `call'
  railties (4.1.2) lib/rails/engine.rb:514:in `call'
  railties (4.1.2) lib/rails/application.rb:144:in `call'
  rack (1.5.2) lib/rack/lock.rb:17:in `call'
  rack (1.5.2) lib/rack/content_length.rb:14:in `call'
  rack (1.5.2) lib/rack/handler/webrick.rb:60:in `service'
  /home/hiepnp/.rvm/rubies/ruby-2.1.2/lib/ruby/2.1.0/webrick/httpserver.rb:138:in `service'
  /home/hiepnp/.rvm/rubies/ruby-2.1.2/lib/ruby/2.1.0/webrick/httpserver.rb:94:in `run'
  /home/hiepnp/.rvm/rubies/ruby-2.1.2/lib/ruby/2.1.0/webrick/server.rb:295:in `block in start_thread'


  Rendered /home/hiepnp/.rvm/gems/ruby-2.1.2/gems/actionpack-4.1.2/lib/action_dispatch/middleware/templates/rescues/_trace.html.erb (1.8ms)
  Rendered /home/hiepnp/.rvm/gems/ruby-2.1.2/gems/actionpack-4.1.2/lib/action_dispatch/middleware/templates/routes/_route.html.erb (11.4ms)
  Rendered /home/hiepnp/.rvm/gems/ruby-2.1.2/gems/actionpack-4.1.2/lib/action_dispatch/middleware/templates/routes/_table.html.erb (1.7ms)
  Rendered /home/hiepnp/.rvm/gems/ruby-2.1.2/gems/actionpack-4.1.2/lib/action_dispatch/middleware/templates/rescues/routing_error.html.erb within rescues/layout (93.8ms)


Started GET "/static_pages/help" for 127.0.0.1 at 2014-11-11 20:33:23 +0700
Processing by StaticPagesController#help as HTML
  Rendered static_pages/help.html.erb within layouts/application (0.1ms)
Completed 200 OK in 127ms (Views: 125.6ms | ActiveRecord: 0.0ms)


Started GET "/assets/static_pages.css?body=1" for 127.0.0.1 at 2014-11-11 20:33:23 +0700


Started GET "/assets/application.css?body=1" for 127.0.0.1 at 2014-11-11 20:33:23 +0700


Started GET "/assets/jquery.js?body=1" for 127.0.0.1 at 2014-11-11 20:33:23 +0700


Started GET "/assets/static_pages.js?body=1" for 127.0.0.1 at 2014-11-11 20:33:23 +0700


Started GET "/assets/turbolinks.js?body=1" for 127.0.0.1 at 2014-11-11 20:33:23 +0700


Started GET "/assets/jquery_ujs.js?body=1" for 127.0.0.1 at 2014-11-11 20:33:23 +0700


Started GET "/assets/application.js?body=1" for 127.0.0.1 at 2014-11-11 20:33:23 +0700


Started GET "/static_pages/" for 127.0.0.1 at 2014-11-11 20:33:26 +0700

ActionController::RoutingError (No route matches [GET] "/static_pages"):
  actionpack (4.1.2) lib/action_dispatch/middleware/debug_exceptions.rb:21:in `call'
  actionpack (4.1.2) lib/action_dispatch/middleware/show_exceptions.rb:30:in `call'
  railties (4.1.2) lib/rails/rack/logger.rb:38:in `call_app'
  railties (4.1.2) lib/rails/rack/logger.rb:20:in `block in call'
  activesupport (4.1.2) lib/active_support/tagged_logging.rb:68:in `block in tagged'
  activesupport (4.1.2) lib/active_support/tagged_logging.rb:26:in `tagged'
  activesupport (4.1.2) lib/active_support/tagged_logging.rb:68:in `tagged'
  railties (4.1.2) lib/rails/rack/logger.rb:20:in `call'
  actionpack (4.1.2) lib/action_dispatch/middleware/request_id.rb:21:in `call'
  rack (1.5.2) lib/rack/methodoverride.rb:21:in `call'
  rack (1.5.2) lib/rack/runtime.rb:17:in `call'
  activesupport (4.1.2) lib/active_support/cache/strategy/local_cache_middleware.rb:26:in `call'
  rack (1.5.2) lib/rack/lock.rb:17:in `call'
  actionpack (4.1.2) lib/action_dispatch/middleware/static.rb:64:in `call'
  rack (1.5.2) lib/rack/sendfile.rb:112:in `call'
  railties (4.1.2) lib/rails/engine.rb:514:in `call'
  railties (4.1.2) lib/rails/application.rb:144:in `call'
  rack (1.5.2) lib/rack/lock.rb:17:in `call'
  rack (1.5.2) lib/rack/content_length.rb:14:in `call'
  rack (1.5.2) lib/rack/handler/webrick.rb:60:in `service'
  /home/hiepnp/.rvm/rubies/ruby-2.1.2/lib/ruby/2.1.0/webrick/httpserver.rb:138:in `service'
  /home/hiepnp/.rvm/rubies/ruby-2.1.2/lib/ruby/2.1.0/webrick/httpserver.rb:94:in `run'
  /home/hiepnp/.rvm/rubies/ruby-2.1.2/lib/ruby/2.1.0/webrick/server.rb:295:in `block in start_thread'


  Rendered /home/hiepnp/.rvm/gems/ruby-2.1.2/gems/actionpack-4.1.2/lib/action_dispatch/middleware/templates/rescues/_trace.html.erb (7.4ms)
  Rendered /home/hiepnp/.rvm/gems/ruby-2.1.2/gems/actionpack-4.1.2/lib/action_dispatch/middleware/templates/routes/_route.html.erb (1.7ms)
  Rendered /home/hiepnp/.rvm/gems/ruby-2.1.2/gems/actionpack-4.1.2/lib/action_dispatch/middleware/templates/routes/_table.html.erb (8.2ms)
  Rendered /home/hiepnp/.rvm/gems/ruby-2.1.2/gems/actionpack-4.1.2/lib/action_dispatch/middleware/templates/rescues/routing_error.html.erb within rescues/layout (90.5ms)


Started GET "/static_pages" for 127.0.0.1 at 2014-11-11 20:33:28 +0700

ActionController::RoutingError (No route matches [GET] "/static_pages"):
  actionpack (4.1.2) lib/action_dispatch/middleware/debug_exceptions.rb:21:in `call'
  actionpack (4.1.2) lib/action_dispatch/middleware/show_exceptions.rb:30:in `call'
  railties (4.1.2) lib/rails/rack/logger.rb:38:in `call_app'
  railties (4.1.2) lib/rails/rack/logger.rb:20:in `block in call'
  activesupport (4.1.2) lib/active_support/tagged_logging.rb:68:in `block in tagged'
  activesupport (4.1.2) lib/active_support/tagged_logging.rb:26:in `tagged'
  activesupport (4.1.2) lib/active_support/tagged_logging.rb:68:in `tagged'
  railties (4.1.2) lib/rails/rack/logger.rb:20:in `call'
  actionpack (4.1.2) lib/action_dispatch/middleware/request_id.rb:21:in `call'
  rack (1.5.2) lib/rack/methodoverride.rb:21:in `call'
  rack (1.5.2) lib/rack/runtime.rb:17:in `call'
  activesupport (4.1.2) lib/active_support/cache/strategy/local_cache_middleware.rb:26:in `call'
  rack (1.5.2) lib/rack/lock.rb:17:in `call'
  actionpack (4.1.2) lib/action_dispatch/middleware/static.rb:64:in `call'
  rack (1.5.2) lib/rack/sendfile.rb:112:in `call'
  railties (4.1.2) lib/rails/engine.rb:514:in `call'
  railties (4.1.2) lib/rails/application.rb:144:in `call'
  rack (1.5.2) lib/rack/lock.rb:17:in `call'
  rack (1.5.2) lib/rack/content_length.rb:14:in `call'
  rack (1.5.2) lib/rack/handler/webrick.rb:60:in `service'
  /home/hiepnp/.rvm/rubies/ruby-2.1.2/lib/ruby/2.1.0/webrick/httpserver.rb:138:in `service'
  /home/hiepnp/.rvm/rubies/ruby-2.1.2/lib/ruby/2.1.0/webrick/httpserver.rb:94:in `run'
  /home/hiepnp/.rvm/rubies/ruby-2.1.2/lib/ruby/2.1.0/webrick/server.rb:295:in `block in start_thread'


  Rendered /home/hiepnp/.rvm/gems/ruby-2.1.2/gems/actionpack-4.1.2/lib/action_dispatch/middleware/templates/rescues/_trace.html.erb (10.1ms)
  Rendered /home/hiepnp/.rvm/gems/ruby-2.1.2/gems/actionpack-4.1.2/lib/action_dispatch/middleware/templates/routes/_route.html.erb (4.6ms)
  Rendered /home/hiepnp/.rvm/gems/ruby-2.1.2/gems/actionpack-4.1.2/lib/action_dispatch/middleware/templates/routes/_table.html.erb (3.8ms)
  Rendered /home/hiepnp/.rvm/gems/ruby-2.1.2/gems/actionpack-4.1.2/lib/action_dispatch/middleware/templates/rescues/routing_error.html.erb within rescues/layout (78.0ms)


Started GET "/" for 127.0.0.1 at 2014-11-11 20:33:33 +0700
Processing by StaticPagesController#home as HTML
  Rendered static_pages/home.html.erb within layouts/application (0.2ms)
Completed 200 OK in 84ms (Views: 83.6ms | ActiveRecord: 0.0ms)


Started GET "/assets/static_pages.css?body=1" for 127.0.0.1 at 2014-11-11 20:33:33 +0700


Started GET "/assets/application.css?body=1" for 127.0.0.1 at 2014-11-11 20:33:33 +0700


Started GET "/assets/jquery.js?body=1" for 127.0.0.1 at 2014-11-11 20:33:33 +0700


Started GET "/assets/jquery_ujs.js?body=1" for 127.0.0.1 at 2014-11-11 20:33:33 +0700


Started GET "/assets/turbolinks.js?body=1" for 127.0.0.1 at 2014-11-11 20:33:33 +0700


Started GET "/assets/static_pages.js?body=1" for 127.0.0.1 at 2014-11-11 20:33:33 +0700


Started GET "/assets/application.js?body=1" for 127.0.0.1 at 2014-11-11 20:33:33 +0700


Started GET "/" for 127.0.0.1 at 2014-11-11 20:43:38 +0700
Processing by StaticPagesController#home as HTML
  Rendered static_pages/home.html.erb within layouts/application (0.9ms)
Completed 200 OK in 89ms (Views: 87.8ms | ActiveRecord: 0.0ms)


Started GET "/assets/static_pages.css?body=1" for 127.0.0.1 at 2014-11-11 20:43:39 +0700


Started GET "/assets/application.css?body=1" for 127.0.0.1 at 2014-11-11 20:43:39 +0700


Started GET "/assets/jquery.js?body=1" for 127.0.0.1 at 2014-11-11 20:43:39 +0700


Started GET "/assets/jquery_ujs.js?body=1" for 127.0.0.1 at 2014-11-11 20:43:39 +0700


Started GET "/assets/static_pages.js?body=1" for 127.0.0.1 at 2014-11-11 20:43:39 +0700


Started GET "/assets/application.js?body=1" for 127.0.0.1 at 2014-11-11 20:43:39 +0700


Started GET "/assets/turbolinks.js?body=1" for 127.0.0.1 at 2014-11-11 20:43:39 +0700


Started GET "/help" for 127.0.0.1 at 2014-11-11 20:43:47 +0700

ActionController::RoutingError (No route matches [GET] "/help"):
  actionpack (4.1.2) lib/action_dispatch/middleware/debug_exceptions.rb:21:in `call'
  actionpack (4.1.2) lib/action_dispatch/middleware/show_exceptions.rb:30:in `call'
  railties (4.1.2) lib/rails/rack/logger.rb:38:in `call_app'
  railties (4.1.2) lib/rails/rack/logger.rb:20:in `block in call'
  activesupport (4.1.2) lib/active_support/tagged_logging.rb:68:in `block in tagged'
  activesupport (4.1.2) lib/active_support/tagged_logging.rb:26:in `tagged'
  activesupport (4.1.2) lib/active_support/tagged_logging.rb:68:in `tagged'
  railties (4.1.2) lib/rails/rack/logger.rb:20:in `call'
  actionpack (4.1.2) lib/action_dispatch/middleware/request_id.rb:21:in `call'
  rack (1.5.2) lib/rack/methodoverride.rb:21:in `call'
  rack (1.5.2) lib/rack/runtime.rb:17:in `call'
  activesupport (4.1.2) lib/active_support/cache/strategy/local_cache_middleware.rb:26:in `call'
  rack (1.5.2) lib/rack/lock.rb:17:in `call'
  actionpack (4.1.2) lib/action_dispatch/middleware/static.rb:64:in `call'
  rack (1.5.2) lib/rack/sendfile.rb:112:in `call'
  railties (4.1.2) lib/rails/engine.rb:514:in `call'
  railties (4.1.2) lib/rails/application.rb:144:in `call'
  rack (1.5.2) lib/rack/lock.rb:17:in `call'
  rack (1.5.2) lib/rack/content_length.rb:14:in `call'
  rack (1.5.2) lib/rack/handler/webrick.rb:60:in `service'
  /home/hiepnp/.rvm/rubies/ruby-2.1.2/lib/ruby/2.1.0/webrick/httpserver.rb:138:in `service'
  /home/hiepnp/.rvm/rubies/ruby-2.1.2/lib/ruby/2.1.0/webrick/httpserver.rb:94:in `run'
  /home/hiepnp/.rvm/rubies/ruby-2.1.2/lib/ruby/2.1.0/webrick/server.rb:295:in `block in start_thread'


  Rendered /home/hiepnp/.rvm/gems/ruby-2.1.2/gems/actionpack-4.1.2/lib/action_dispatch/middleware/templates/rescues/_trace.html.erb (9.9ms)
  Rendered /home/hiepnp/.rvm/gems/ruby-2.1.2/gems/actionpack-4.1.2/lib/action_dispatch/middleware/templates/routes/_route.html.erb (10.2ms)
  Rendered /home/hiepnp/.rvm/gems/ruby-2.1.2/gems/actionpack-4.1.2/lib/action_dispatch/middleware/templates/routes/_table.html.erb (2.0ms)
  Rendered /home/hiepnp/.rvm/gems/ruby-2.1.2/gems/actionpack-4.1.2/lib/action_dispatch/middleware/templates/rescues/routing_error.html.erb within rescues/layout (91.3ms)


Started GET "/static_pages/help" for 127.0.0.1 at 2014-11-11 20:43:56 +0700
Processing by StaticPagesController#help as HTML
  Rendered static_pages/help.html.erb within layouts/application (0.7ms)
Completed 200 OK in 387ms (Views: 382.2ms | ActiveRecord: 0.0ms)


Started GET "/assets/static_pages.css?body=1" for 127.0.0.1 at 2014-11-11 20:43:56 +0700


Started GET "/assets/jquery.js?body=1" for 127.0.0.1 at 2014-11-11 20:43:56 +0700


Started GET "/assets/jquery_ujs.js?body=1" for 127.0.0.1 at 2014-11-11 20:43:56 +0700


Started GET "/assets/static_pages.js?body=1" for 127.0.0.1 at 2014-11-11 20:43:56 +0700


Started GET "/assets/application.css?body=1" for 127.0.0.1 at 2014-11-11 20:43:57 +0700


Started GET "/assets/turbolinks.js?body=1" for 127.0.0.1 at 2014-11-11 20:43:57 +0700


Started GET "/assets/application.js?body=1" for 127.0.0.1 at 2014-11-11 20:43:57 +0700


Started GET "/static_pages/help" for 127.0.0.1 at 2014-11-11 20:46:02 +0700
Processing by StaticPagesController#help as HTML
  Rendered static_pages/help.html.erb within layouts/application (0.2ms)
Completed 200 OK in 97ms (Views: 96.3ms | ActiveRecord: 0.0ms)


Started GET "/assets/static_pages.css?body=1" for 127.0.0.1 at 2014-11-11 20:46:03 +0700


Started GET "/assets/application.css?body=1" for 127.0.0.1 at 2014-11-11 20:46:03 +0700


Started GET "/assets/jquery.js?body=1" for 127.0.0.1 at 2014-11-11 20:46:03 +0700


Started GET "/assets/turbolinks.js?body=1" for 127.0.0.1 at 2014-11-11 20:46:03 +0700


Started GET "/assets/jquery_ujs.js?body=1" for 127.0.0.1 at 2014-11-11 20:46:03 +0700


Started GET "/assets/application.js?body=1" for 127.0.0.1 at 2014-11-11 20:46:03 +0700


Started GET "/assets/static_pages.js?body=1" for 127.0.0.1 at 2014-11-11 20:46:03 +0700


Started GET "/static_pages/help" for 127.0.0.1 at 2014-11-11 20:46:48 +0700
Processing by StaticPagesController#help as HTML
  Rendered static_pages/help.html.erb within layouts/application (0.2ms)
Completed 200 OK in 100ms (Views: 99.6ms | ActiveRecord: 0.0ms)


Started GET "/assets/static_pages.css?body=1" for 127.0.0.1 at 2014-11-11 20:46:49 +0700


Started GET "/assets/application.css?body=1" for 127.0.0.1 at 2014-11-11 20:46:49 +0700


Started GET "/assets/jquery.js?body=1" for 127.0.0.1 at 2014-11-11 20:46:49 +0700


Started GET "/assets/turbolinks.js?body=1" for 127.0.0.1 at 2014-11-11 20:46:49 +0700


Started GET "/assets/jquery_ujs.js?body=1" for 127.0.0.1 at 2014-11-11 20:46:49 +0700


Started GET "/assets/static_pages.js?body=1" for 127.0.0.1 at 2014-11-11 20:46:49 +0700


Started GET "/assets/application.js?body=1" for 127.0.0.1 at 2014-11-11 20:46:49 +0700


Started GET "/static_pages/help" for 127.0.0.1 at 2014-11-11 21:06:27 +0700
Processing by StaticPagesController#help as HTML
  Rendered static_pages/help.html.erb within layouts/application (0.3ms)
  Rendered layouts/_shim.html.erb (0.5ms)
  Rendered layouts/_header.html.erb (0.9ms)
Completed 200 OK in 141ms (Views: 138.9ms | ActiveRecord: 0.0ms)


Started GET "/assets/static_pages.css?body=1" for 127.0.0.1 at 2014-11-11 21:06:28 +0700


Started GET "/assets/application.css?body=1" for 127.0.0.1 at 2014-11-11 21:06:28 +0700


Started GET "/assets/jquery.js?body=1" for 127.0.0.1 at 2014-11-11 21:06:28 +0700


Started GET "/assets/turbolinks.js?body=1" for 127.0.0.1 at 2014-11-11 21:06:28 +0700


Started GET "/assets/static_pages.js?body=1" for 127.0.0.1 at 2014-11-11 21:06:28 +0700


Started GET "/assets/jquery_ujs.js?body=1" for 127.0.0.1 at 2014-11-11 21:06:28 +0700


Started GET "/assets/application.js?body=1" for 127.0.0.1 at 2014-11-11 21:06:28 +0700


Started GET "/static_pages/help" for 127.0.0.1 at 2014-11-11 21:06:39 +0700
Processing by StaticPagesController#help as HTML
  Rendered static_pages/help.html.erb within layouts/application (0.8ms)
  Rendered layouts/_shim.html.erb (6.2ms)
  Rendered layouts/_header.html.erb (5.4ms)
Completed 200 OK in 172ms (Views: 171.4ms | ActiveRecord: 0.0ms)


Started GET "/" for 127.0.0.1 at 2014-11-11 21:06:43 +0700
Processing by StaticPagesController#home as HTML
  Rendered static_pages/home.html.erb within layouts/application (0.2ms)
  Rendered layouts/_shim.html.erb (0.1ms)
  Rendered layouts/_header.html.erb (0.2ms)
Completed 200 OK in 133ms (Views: 132.4ms | ActiveRecord: 0.0ms)


Started GET "/assets/static_pages.css?body=1" for 127.0.0.1 at 2014-11-11 21:06:43 +0700


Started GET "/assets/application.css?body=1" for 127.0.0.1 at 2014-11-11 21:06:43 +0700


Started GET "/assets/jquery.js?body=1" for 127.0.0.1 at 2014-11-11 21:06:43 +0700


Started GET "/assets/jquery_ujs.js?body=1" for 127.0.0.1 at 2014-11-11 21:06:43 +0700


Started GET "/assets/static_pages.js?body=1" for 127.0.0.1 at 2014-11-11 21:06:43 +0700


Started GET "/assets/turbolinks.js?body=1" for 127.0.0.1 at 2014-11-11 21:06:43 +0700


Started GET "/assets/application.js?body=1" for 127.0.0.1 at 2014-11-11 21:06:43 +0700


Started GET "/" for 127.0.0.1 at 2014-11-11 21:16:11 +0700
Processing by StaticPagesController#home as HTML
  Rendered static_pages/home.html.erb within layouts/application (0.2ms)
  Rendered layouts/_shim.html.erb (0.1ms)
  Rendered layouts/_header.html.erb (0.3ms)
  Rendered layouts/_footer.html.erb (0.8ms)
Completed 200 OK in 106ms (Views: 104.7ms | ActiveRecord: 0.0ms)


Started GET "/assets/static_pages.css?body=1" for 127.0.0.1 at 2014-11-11 21:16:11 +0700


Started GET "/assets/application.css?body=1" for 127.0.0.1 at 2014-11-11 21:16:11 +0700


Started GET "/assets/jquery.js?body=1" for 127.0.0.1 at 2014-11-11 21:16:11 +0700


Started GET "/assets/jquery_ujs.js?body=1" for 127.0.0.1 at 2014-11-11 21:16:11 +0700


Started GET "/assets/static_pages.js?body=1" for 127.0.0.1 at 2014-11-11 21:16:11 +0700


Started GET "/assets/turbolinks.js?body=1" for 127.0.0.1 at 2014-11-11 21:16:11 +0700


Started GET "/assets/application.js?body=1" for 127.0.0.1 at 2014-11-11 21:16:11 +0700


Started GET "/" for 127.0.0.1 at 2014-11-11 21:19:03 +0700
Processing by StaticPagesController#home as HTML
  Rendered static_pages/home.html.erb within layouts/application (0.2ms)
  Rendered layouts/_shim.html.erb (0.1ms)
  Rendered layouts/_header.html.erb (0.2ms)
  Rendered layouts/_footer.html.erb (0.1ms)
Completed 200 OK in 153ms (Views: 152.4ms | ActiveRecord: 0.0ms)


Started GET "/assets/static_pages.css?body=1" for 127.0.0.1 at 2014-11-11 21:19:03 +0700


Started GET "/assets/application.css?body=1" for 127.0.0.1 at 2014-11-11 21:19:03 +0700


Started GET "/assets/jquery.js?body=1" for 127.0.0.1 at 2014-11-11 21:19:03 +0700


Started GET "/assets/jquery_ujs.js?body=1" for 127.0.0.1 at 2014-11-11 21:19:03 +0700


Started GET "/assets/static_pages.js?body=1" for 127.0.0.1 at 2014-11-11 21:19:03 +0700


Started GET "/assets/turbolinks.js?body=1" for 127.0.0.1 at 2014-11-11 21:19:03 +0700


Started GET "/assets/application.js?body=1" for 127.0.0.1 at 2014-11-11 21:19:03 +0700


Started GET "/static_pages/help" for 127.0.0.1 at 2014-11-11 21:19:38 +0700
Processing by StaticPagesController#help as HTML
  Rendered static_pages/help.html.erb within layouts/application (0.2ms)
  Rendered layouts/_shim.html.erb (0.1ms)
  Rendered layouts/_header.html.erb (0.2ms)
  Rendered layouts/_footer.html.erb (0.1ms)
Completed 200 OK in 156ms (Views: 155.4ms | ActiveRecord: 0.0ms)


Started GET "/assets/static_pages.css?body=1" for 127.0.0.1 at 2014-11-11 21:19:38 +0700


Started GET "/assets/application.css?body=1" for 127.0.0.1 at 2014-11-11 21:19:38 +0700


Started GET "/assets/jquery.js?body=1" for 127.0.0.1 at 2014-11-11 21:19:38 +0700


Started GET "/assets/jquery_ujs.js?body=1" for 127.0.0.1 at 2014-11-11 21:19:38 +0700


Started GET "/assets/static_pages.js?body=1" for 127.0.0.1 at 2014-11-11 21:19:39 +0700


Started GET "/assets/turbolinks.js?body=1" for 127.0.0.1 at 2014-11-11 21:19:39 +0700


Started GET "/assets/application.js?body=1" for 127.0.0.1 at 2014-11-11 21:19:39 +0700


Started GET "/static_pages/help" for 127.0.0.1 at 2014-11-11 21:20:20 +0700
Processing by StaticPagesController#help as HTML
  Rendered static_pages/help.html.erb within layouts/application (0.1ms)
  Rendered layouts/_shim.html.erb (0.1ms)
  Rendered layouts/_header.html.erb (0.2ms)
  Rendered layouts/_footer.html.erb (0.2ms)
Completed 200 OK in 137ms (Views: 136.3ms | ActiveRecord: 0.0ms)


Started GET "/assets/static_pages.css?body=1" for 127.0.0.1 at 2014-11-11 21:20:20 +0700


Started GET "/assets/application.css?body=1" for 127.0.0.1 at 2014-11-11 21:20:20 +0700


Started GET "/assets/jquery.js?body=1" for 127.0.0.1 at 2014-11-11 21:20:20 +0700


Started GET "/assets/static_pages.js?body=1" for 127.0.0.1 at 2014-11-11 21:20:20 +0700


Started GET "/assets/turbolinks.js?body=1" for 127.0.0.1 at 2014-11-11 21:20:20 +0700


Started GET "/assets/application.js?body=1" for 127.0.0.1 at 2014-11-11 21:20:20 +0700


Started GET "/assets/jquery_ujs.js?body=1" for 127.0.0.1 at 2014-11-11 21:20:20 +0700


Started GET "/" for 127.0.0.1 at 2014-11-11 21:29:23 +0700
Processing by StaticPagesController#home as HTML
  Rendered static_pages/home.html.erb within layouts/application (1.5ms)
  Rendered layouts/_shim.html.erb (0.1ms)
  Rendered layouts/_header.html.erb (2.8ms)
  Rendered layouts/_footer.html.erb (1.7ms)
Completed 200 OK in 159ms (Views: 157.5ms | ActiveRecord: 0.0ms)


Started GET "/assets/static_pages.css?body=1" for 127.0.0.1 at 2014-11-11 21:29:23 +0700


Started GET "/assets/application.css?body=1" for 127.0.0.1 at 2014-11-11 21:29:23 +0700


Started GET "/assets/jquery.js?body=1" for 127.0.0.1 at 2014-11-11 21:29:23 +0700


Started GET "/assets/turbolinks.js?body=1" for 127.0.0.1 at 2014-11-11 21:29:23 +0700


Started GET "/assets/jquery_ujs.js?body=1" for 127.0.0.1 at 2014-11-11 21:29:23 +0700


Started GET "/assets/application.js?body=1" for 127.0.0.1 at 2014-11-11 21:29:23 +0700


Started GET "/assets/static_pages.js?body=1" for 127.0.0.1 at 2014-11-11 21:29:23 +0700


Started GET "/" for 127.0.0.1 at 2014-11-11 21:30:08 +0700
Processing by StaticPagesController#home as HTML
  Rendered static_pages/home.html.erb within layouts/application (1.0ms)
  Rendered layouts/_shim.html.erb (0.1ms)
  Rendered layouts/_header.html.erb (0.3ms)
  Rendered layouts/_footer.html.erb (0.1ms)
Completed 200 OK in 138ms (Views: 137.2ms | ActiveRecord: 0.0ms)


Started GET "/assets/static_pages.css?body=1" for 127.0.0.1 at 2014-11-11 21:30:08 +0700


Started GET "/assets/application.css?body=1" for 127.0.0.1 at 2014-11-11 21:30:08 +0700


Started GET "/assets/jquery.js?body=1" for 127.0.0.1 at 2014-11-11 21:30:08 +0700


Started GET "/assets/jquery_ujs.js?body=1" for 127.0.0.1 at 2014-11-11 21:30:08 +0700


Started GET "/assets/turbolinks.js?body=1" for 127.0.0.1 at 2014-11-11 21:30:08 +0700


Started GET "/assets/static_pages.js?body=1" for 127.0.0.1 at 2014-11-11 21:30:08 +0700


Started GET "/assets/application.js?body=1" for 127.0.0.1 at 2014-11-11 21:30:08 +0700


Started GET "/assets/rails.png" for 127.0.0.1 at 2014-11-11 21:30:08 +0700


Started GET "/" for 127.0.0.1 at 2014-11-11 21:30:59 +0700
Processing by StaticPagesController#home as HTML
  Rendered static_pages/home.html.erb within layouts/application (0.2ms)
  Rendered layouts/_shim.html.erb (0.1ms)
  Rendered layouts/_header.html.erb (0.2ms)
  Rendered layouts/_footer.html.erb (0.1ms)
Completed 200 OK in 118ms (Views: 117.0ms | ActiveRecord: 0.0ms)


Started GET "/assets/static_pages.css?body=1" for 127.0.0.1 at 2014-11-11 21:30:59 +0700


Started GET "/assets/jquery.js?body=1" for 127.0.0.1 at 2014-11-11 21:30:59 +0700


Started GET "/assets/application.css?body=1" for 127.0.0.1 at 2014-11-11 21:30:59 +0700


Started GET "/assets/jquery_ujs.js?body=1" for 127.0.0.1 at 2014-11-11 21:30:59 +0700


Started GET "/assets/static_pages.js?body=1" for 127.0.0.1 at 2014-11-11 21:30:59 +0700


Started GET "/assets/turbolinks.js?body=1" for 127.0.0.1 at 2014-11-11 21:30:59 +0700


Started GET "/assets/application.js?body=1" for 127.0.0.1 at 2014-11-11 21:31:00 +0700


Started GET "/assets/rails.png" for 127.0.0.1 at 2014-11-11 21:31:00 +0700


Started GET "/" for 127.0.0.1 at 2014-11-11 21:33:52 +0700
Processing by StaticPagesController#home as HTML
  Rendered static_pages/home.html.erb within layouts/application (7.4ms)
  Rendered layouts/_shim.html.erb (0.1ms)
  Rendered layouts/_header.html.erb (0.3ms)
  Rendered layouts/_footer.html.erb (0.1ms)
Completed 200 OK in 113ms (Views: 111.8ms | ActiveRecord: 0.0ms)


Started GET "/assets/static_pages.css?body=1" for 127.0.0.1 at 2014-11-11 21:33:52 +0700


Started GET "/assets/application.css?body=1" for 127.0.0.1 at 2014-11-11 21:33:52 +0700


Started GET "/assets/jquery.js?body=1" for 127.0.0.1 at 2014-11-11 21:33:52 +0700


Started GET "/assets/jquery_ujs.js?body=1" for 127.0.0.1 at 2014-11-11 21:33:52 +0700


Started GET "/assets/static_pages.js?body=1" for 127.0.0.1 at 2014-11-11 21:33:52 +0700


Started GET "/assets/turbolinks.js?body=1" for 127.0.0.1 at 2014-11-11 21:33:52 +0700


Started GET "/assets/application.js?body=1" for 127.0.0.1 at 2014-11-11 21:33:52 +0700


Started GET "/assets/rails.png" for 127.0.0.1 at 2014-11-11 21:33:52 +0700


Started GET "/" for 127.0.0.1 at 2014-11-11 21:39:41 +0700
Processing by StaticPagesController#home as HTML
  Rendered static_pages/home.html.erb within layouts/application (12.3ms)
  Rendered layouts/_shim.html.erb (4.8ms)
  Rendered layouts/_header.html.erb (1.0ms)
  Rendered layouts/_footer.html.erb (0.5ms)
Completed 200 OK in 3790ms (Views: 3753.8ms | ActiveRecord: 0.0ms)


Started GET "/assets/custom.css?body=1" for 127.0.0.1 at 2014-11-11 21:39:45 +0700


Started GET "/assets/static_pages.css?body=1" for 127.0.0.1 at 2014-11-11 21:39:45 +0700


Started GET "/assets/turbolinks.js?body=1" for 127.0.0.1 at 2014-11-11 21:39:45 +0700


Started GET "/assets/jquery_ujs.js?body=1" for 127.0.0.1 at 2014-11-11 21:39:45 +0700


Started GET "/assets/jquery.js?body=1" for 127.0.0.1 at 2014-11-11 21:39:45 +0700


Started GET "/assets/application.css?body=1" for 127.0.0.1 at 2014-11-11 21:39:45 +0700


Started GET "/assets/static_pages.js?body=1" for 127.0.0.1 at 2014-11-11 21:39:46 +0700


Started GET "/assets/application.js?body=1" for 127.0.0.1 at 2014-11-11 21:39:46 +0700


Started GET "/assets/rails.png" for 127.0.0.1 at 2014-11-11 21:39:46 +0700


Started GET "/" for 127.0.0.1 at 2014-11-11 21:40:46 +0700
Processing by StaticPagesController#home as HTML
  Rendered static_pages/home.html.erb within layouts/application (4.2ms)
  Rendered layouts/_shim.html.erb (0.1ms)
  Rendered layouts/_header.html.erb (0.3ms)
  Rendered layouts/_footer.html.erb (0.1ms)
Completed 200 OK in 2132ms (Views: 2125.9ms | ActiveRecord: 0.0ms)


Started GET "/assets/custom.css?body=1" for 127.0.0.1 at 2014-11-11 21:40:49 +0700


Started GET "/assets/jquery.js?body=1" for 127.0.0.1 at 2014-11-11 21:40:49 +0700


Started GET "/assets/application.css?body=1" for 127.0.0.1 at 2014-11-11 21:40:49 +0700


Started GET "/assets/static_pages.css?body=1" for 127.0.0.1 at 2014-11-11 21:40:49 +0700


Started GET "/assets/turbolinks.js?body=1" for 127.0.0.1 at 2014-11-11 21:40:49 +0700


Started GET "/assets/jquery_ujs.js?body=1" for 127.0.0.1 at 2014-11-11 21:40:49 +0700


Started GET "/assets/static_pages.js?body=1" for 127.0.0.1 at 2014-11-11 21:40:49 +0700


Started GET "/assets/application.js?body=1" for 127.0.0.1 at 2014-11-11 21:40:49 +0700


Started GET "/assets/rails.png" for 127.0.0.1 at 2014-11-11 21:40:49 +0700


Started GET "/" for 127.0.0.1 at 2014-11-11 21:44:15 +0700
Processing by StaticPagesController#home as HTML
  Rendered static_pages/home.html.erb within layouts/application (0.8ms)
  Rendered layouts/_shim.html.erb (0.1ms)
  Rendered layouts/_header.html.erb (0.2ms)
  Rendered layouts/_footer.html.erb (0.1ms)
Completed 200 OK in 2196ms (Views: 2195.1ms | ActiveRecord: 0.0ms)


Started GET "/assets/custom.css?body=1" for 127.0.0.1 at 2014-11-11 21:44:17 +0700


Started GET "/assets/static_pages.css?body=1" for 127.0.0.1 at 2014-11-11 21:44:17 +0700


Started GET "/assets/turbolinks.js?body=1" for 127.0.0.1 at 2014-11-11 21:44:17 +0700


Started GET "/assets/jquery.js?body=1" for 127.0.0.1 at 2014-11-11 21:44:17 +0700


Started GET "/assets/application.css?body=1" for 127.0.0.1 at 2014-11-11 21:44:17 +0700


Started GET "/assets/jquery_ujs.js?body=1" for 127.0.0.1 at 2014-11-11 21:44:17 +0700


Started GET "/assets/static_pages.js?body=1" for 127.0.0.1 at 2014-11-11 21:44:17 +0700


Started GET "/assets/application.js?body=1" for 127.0.0.1 at 2014-11-11 21:44:17 +0700


Started GET "/assets/rails.png" for 127.0.0.1 at 2014-11-11 21:44:17 +0700


Started GET "/" for 127.0.0.1 at 2014-11-11 21:48:00 +0700
Processing by StaticPagesController#home as HTML
  Rendered static_pages/home.html.erb within layouts/application (0.8ms)
  Rendered layouts/_shim.html.erb (0.1ms)
  Rendered layouts/_header.html.erb (0.2ms)
  Rendered layouts/_footer.html.erb (0.1ms)
Completed 200 OK in 2645ms (Views: 2643.9ms | ActiveRecord: 0.0ms)


Started GET "/assets/custom.css?body=1" for 127.0.0.1 at 2014-11-11 21:48:03 +0700


Started GET "/assets/application.css?body=1" for 127.0.0.1 at 2014-11-11 21:48:03 +0700


Started GET "/assets/static_pages.css?body=1" for 127.0.0.1 at 2014-11-11 21:48:03 +0700


Started GET "/assets/jquery.js?body=1" for 127.0.0.1 at 2014-11-11 21:48:03 +0700


Started GET "/assets/jquery_ujs.js?body=1" for 127.0.0.1 at 2014-11-11 21:48:03 +0700


Started GET "/assets/turbolinks.js?body=1" for 127.0.0.1 at 2014-11-11 21:48:03 +0700


Started GET "/assets/static_pages.js?body=1" for 127.0.0.1 at 2014-11-11 21:48:03 +0700


Started GET "/assets/application.js?body=1" for 127.0.0.1 at 2014-11-11 21:48:03 +0700


Started GET "/assets/rails.png" for 127.0.0.1 at 2014-11-11 21:48:04 +0700


Started GET "/" for 127.0.0.1 at 2014-11-11 21:49:07 +0700
Processing by StaticPagesController#home as HTML
  Rendered static_pages/home.html.erb within layouts/application (1.0ms)
  Rendered layouts/_shim.html.erb (0.1ms)
  Rendered layouts/_header.html.erb (0.2ms)
  Rendered layouts/_footer.html.erb (0.1ms)
Completed 200 OK in 2169ms (Views: 2167.5ms | ActiveRecord: 0.0ms)


Started GET "/assets/custom.css?body=1" for 127.0.0.1 at 2014-11-11 21:49:10 +0700


Started GET "/assets/jquery.js?body=1" for 127.0.0.1 at 2014-11-11 21:49:10 +0700


Started GET "/assets/application.css?body=1" for 127.0.0.1 at 2014-11-11 21:49:10 +0700


Started GET "/assets/static_pages.css?body=1" for 127.0.0.1 at 2014-11-11 21:49:10 +0700


Started GET "/assets/static_pages.js?body=1" for 127.0.0.1 at 2014-11-11 21:49:10 +0700


Started GET "/assets/turbolinks.js?body=1" for 127.0.0.1 at 2014-11-11 21:49:10 +0700


Started GET "/assets/jquery_ujs.js?body=1" for 127.0.0.1 at 2014-11-11 21:49:10 +0700


Started GET "/assets/application.js?body=1" for 127.0.0.1 at 2014-11-11 21:49:10 +0700


Started GET "/assets/rails.png" for 127.0.0.1 at 2014-11-11 21:49:10 +0700


Started GET "/" for 127.0.0.1 at 2014-11-11 21:50:38 +0700
Processing by StaticPagesController#home as HTML
  Rendered static_pages/home.html.erb within layouts/application (8.9ms)
  Rendered layouts/_shim.html.erb (0.1ms)
  Rendered layouts/_header.html.erb (0.2ms)
  Rendered layouts/_footer.html.erb (0.1ms)
Completed 200 OK in 2426ms (Views: 2425.0ms | ActiveRecord: 0.0ms)


Started GET "/assets/custom.css?body=1" for 127.0.0.1 at 2014-11-11 21:50:41 +0700


Started GET "/assets/jquery.js?body=1" for 127.0.0.1 at 2014-11-11 21:50:41 +0700


Started GET "/assets/application.css?body=1" for 127.0.0.1 at 2014-11-11 21:50:41 +0700


Started GET "/assets/static_pages.css?body=1" for 127.0.0.1 at 2014-11-11 21:50:41 +0700


Started GET "/assets/turbolinks.js?body=1" for 127.0.0.1 at 2014-11-11 21:50:41 +0700


Started GET "/assets/jquery_ujs.js?body=1" for 127.0.0.1 at 2014-11-11 21:50:41 +0700


Started GET "/assets/static_pages.js?body=1" for 127.0.0.1 at 2014-11-11 21:50:41 +0700


Started GET "/assets/application.js?body=1" for 127.0.0.1 at 2014-11-11 21:50:41 +0700


Started GET "/assets/rails.png" for 127.0.0.1 at 2014-11-11 21:50:41 +0700


Started GET "/" for 127.0.0.1 at 2014-11-11 21:50:55 +0700
Processing by StaticPagesController#home as HTML
  Rendered static_pages/home.html.erb within layouts/application (5.5ms)
  Rendered layouts/_shim.html.erb (0.1ms)
  Rendered layouts/_header.html.erb (0.2ms)
  Rendered layouts/_footer.html.erb (0.1ms)
Completed 200 OK in 2194ms (Views: 2193.6ms | ActiveRecord: 0.0ms)


Started GET "/assets/custom.css?body=1" for 127.0.0.1 at 2014-11-11 21:50:57 +0700


Started GET "/assets/static_pages.css?body=1" for 127.0.0.1 at 2014-11-11 21:50:57 +0700


Started GET "/assets/application.css?body=1" for 127.0.0.1 at 2014-11-11 21:50:57 +0700


Started GET "/assets/jquery.js?body=1" for 127.0.0.1 at 2014-11-11 21:50:57 +0700


Started GET "/assets/jquery_ujs.js?body=1" for 127.0.0.1 at 2014-11-11 21:50:57 +0700


Started GET "/assets/turbolinks.js?body=1" for 127.0.0.1 at 2014-11-11 21:50:57 +0700


Started GET "/assets/static_pages.js?body=1" for 127.0.0.1 at 2014-11-11 21:50:57 +0700


Started GET "/assets/application.js?body=1" for 127.0.0.1 at 2014-11-11 21:50:57 +0700


Started GET "/assets/rails.png" for 127.0.0.1 at 2014-11-11 21:50:57 +0700


Started GET "/" for 127.0.0.1 at 2014-11-11 21:58:56 +0700
Processing by StaticPagesController#home as HTML
  Rendered static_pages/home.html.erb within layouts/application (16.0ms)
  Rendered layouts/_shim.html.erb (0.7ms)
  Rendered layouts/_header.html.erb (75.0ms)
Completed 500 Internal Server Error in 2426ms

ActionView::Template::Error (undefined local variable or method `help_path' for #<#<Class:0xb61d5324>:0xb61d4e88>):
    4: <nav class="round">
    5: 	<ul class="nav navbar-nav pull-right">
    6: 		 <li><%= link_to "Home",   root_path %></li>
    7:         <li><%= link_to "Help",    help_path %></li>
    8:         <li><%= link_to "Log in", '#' %></li>
    9: 	</ul>
   10: </nav>
  app/views/layouts/_header.html.erb:7:in `_app_views_layouts__header_html_erb__191757554__622495968'
  app/views/layouts/application.html.erb:11:in `_app_views_layouts_application_html_erb___705636750__621778698'


  Rendered /home/hiepnp/.rvm/gems/ruby-2.1.2/gems/actionpack-4.1.2/lib/action_dispatch/middleware/templates/rescues/_trace.html.erb (2.4ms)
  Rendered /home/hiepnp/.rvm/gems/ruby-2.1.2/gems/actionpack-4.1.2/lib/action_dispatch/middleware/templates/rescues/_request_and_response.html.erb (3.8ms)
  Rendered /home/hiepnp/.rvm/gems/ruby-2.1.2/gems/actionpack-4.1.2/lib/action_dispatch/middleware/templates/rescues/template_error.html.erb within rescues/layout (28.2ms)


Started GET "/" for 127.0.0.1 at 2014-11-11 22:01:20 +0700

SyntaxError (/home/hiepnp/rails_projects/GitFolder/sampleapp/sample_app/config/routes.rb:62: syntax error, unexpected keyword_end, expecting end-of-input):
  config/routes.rb:62: syntax error, unexpected keyword_end, expecting end-of-input


  Rendered /home/hiepnp/.rvm/gems/ruby-2.1.2/gems/actionpack-4.1.2/lib/action_dispatch/middleware/templates/rescues/_source.erb (1.1ms)
  Rendered /home/hiepnp/.rvm/gems/ruby-2.1.2/gems/actionpack-4.1.2/lib/action_dispatch/middleware/templates/rescues/_trace.html.erb (2.2ms)
  Rendered /home/hiepnp/.rvm/gems/ruby-2.1.2/gems/actionpack-4.1.2/lib/action_dispatch/middleware/templates/rescues/_request_and_response.html.erb (1.8ms)
  Rendered /home/hiepnp/.rvm/gems/ruby-2.1.2/gems/actionpack-4.1.2/lib/action_dispatch/middleware/templates/rescues/diagnostics.erb within rescues/layout (36.2ms)


Started GET "/" for 127.0.0.1 at 2014-11-11 22:01:23 +0700

ActionController::RoutingError (No route matches [GET] "/"):
  actionpack (4.1.2) lib/action_dispatch/middleware/debug_exceptions.rb:21:in `call'
  actionpack (4.1.2) lib/action_dispatch/middleware/show_exceptions.rb:30:in `call'
  railties (4.1.2) lib/rails/rack/logger.rb:38:in `call_app'
  railties (4.1.2) lib/rails/rack/logger.rb:20:in `block in call'
  activesupport (4.1.2) lib/active_support/tagged_logging.rb:68:in `block in tagged'
  activesupport (4.1.2) lib/active_support/tagged_logging.rb:26:in `tagged'
  activesupport (4.1.2) lib/active_support/tagged_logging.rb:68:in `tagged'
  railties (4.1.2) lib/rails/rack/logger.rb:20:in `call'
  actionpack (4.1.2) lib/action_dispatch/middleware/request_id.rb:21:in `call'
  rack (1.5.2) lib/rack/methodoverride.rb:21:in `call'
  rack (1.5.2) lib/rack/runtime.rb:17:in `call'
  activesupport (4.1.2) lib/active_support/cache/strategy/local_cache_middleware.rb:26:in `call'
  rack (1.5.2) lib/rack/lock.rb:17:in `call'
  actionpack (4.1.2) lib/action_dispatch/middleware/static.rb:64:in `call'
  rack (1.5.2) lib/rack/sendfile.rb:112:in `call'
  railties (4.1.2) lib/rails/engine.rb:514:in `call'
  railties (4.1.2) lib/rails/application.rb:144:in `call'
  rack (1.5.2) lib/rack/lock.rb:17:in `call'
  rack (1.5.2) lib/rack/content_length.rb:14:in `call'
  rack (1.5.2) lib/rack/handler/webrick.rb:60:in `service'
  /home/hiepnp/.rvm/rubies/ruby-2.1.2/lib/ruby/2.1.0/webrick/httpserver.rb:138:in `service'
  /home/hiepnp/.rvm/rubies/ruby-2.1.2/lib/ruby/2.1.0/webrick/httpserver.rb:94:in `run'
  /home/hiepnp/.rvm/rubies/ruby-2.1.2/lib/ruby/2.1.0/webrick/server.rb:295:in `block in start_thread'


  Rendered /home/hiepnp/.rvm/gems/ruby-2.1.2/gems/actionpack-4.1.2/lib/action_dispatch/middleware/templates/rescues/_trace.html.erb (2.8ms)
  Rendered /home/hiepnp/.rvm/gems/ruby-2.1.2/gems/actionpack-4.1.2/lib/action_dispatch/middleware/templates/routes/_table.html.erb (28.2ms)
  Rendered /home/hiepnp/.rvm/gems/ruby-2.1.2/gems/actionpack-4.1.2/lib/action_dispatch/middleware/templates/rescues/routing_error.html.erb within rescues/layout (92.9ms)


Started GET "/" for 127.0.0.1 at 2014-11-11 22:01:54 +0700
Processing by StaticPagesController#home as HTML
  Rendered static_pages/home.html.erb within layouts/application (0.6ms)
  Rendered layouts/_shim.html.erb (0.1ms)
  Rendered layouts/_header.html.erb (19.7ms)
Completed 500 Internal Server Error in 164ms

ActionView::Template::Error (undefined local variable or method `help_path' for #<#<Class:0xb62bcbd4>:0xb62bc29c>):
    4: <nav class="round">
    5: 	<ul class="nav navbar-nav pull-right">
    6: 		 <li><%= link_to "Home",   root_path %></li>
    7:         <li><%= link_to "Help",    help_path %></li>
    8:         <li><%= link_to "Log in", '#' %></li>
    9: 	</ul>
   10: </nav>
  app/views/layouts/_header.html.erb:7:in `_app_views_layouts__header_html_erb__191757554__622495968'
  app/views/layouts/application.html.erb:11:in `_app_views_layouts_application_html_erb___705636750__621778698'


  Rendered /home/hiepnp/.rvm/gems/ruby-2.1.2/gems/actionpack-4.1.2/lib/action_dispatch/middleware/templates/rescues/_trace.html.erb (2.3ms)
  Rendered /home/hiepnp/.rvm/gems/ruby-2.1.2/gems/actionpack-4.1.2/lib/action_dispatch/middleware/templates/rescues/_request_and_response.html.erb (8.5ms)
  Rendered /home/hiepnp/.rvm/gems/ruby-2.1.2/gems/actionpack-4.1.2/lib/action_dispatch/middleware/templates/rescues/template_error.html.erb within rescues/layout (29.6ms)


Started GET "/" for 127.0.0.1 at 2014-11-11 22:04:14 +0700
Processing by StaticPagesController#home as HTML
  Rendered static_pages/home.html.erb within layouts/application (0.7ms)
  Rendered layouts/_shim.html.erb (0.2ms)
  Rendered layouts/_header.html.erb (0.6ms)
  Rendered layouts/_footer.html.erb (1.0ms)
Completed 200 OK in 199ms (Views: 197.5ms | ActiveRecord: 0.0ms)


Started GET "/assets/custom.css?body=1" for 127.0.0.1 at 2014-11-11 22:04:14 +0700


Started GET "/assets/jquery.js?body=1" for 127.0.0.1 at 2014-11-11 22:04:14 +0700


Started GET "/assets/application.css?body=1" for 127.0.0.1 at 2014-11-11 22:04:14 +0700


Started GET "/assets/static_pages.css?body=1" for 127.0.0.1 at 2014-11-11 22:04:14 +0700


Started GET "/assets/turbolinks.js?body=1" for 127.0.0.1 at 2014-11-11 22:04:14 +0700


Started GET "/assets/jquery_ujs.js?body=1" for 127.0.0.1 at 2014-11-11 22:04:14 +0700


Started GET "/assets/static_pages.js?body=1" for 127.0.0.1 at 2014-11-11 22:04:14 +0700


Started GET "/assets/application.js?body=1" for 127.0.0.1 at 2014-11-11 22:04:14 +0700


Started GET "/assets/rails.png" for 127.0.0.1 at 2014-11-11 22:04:14 +0700


Started GET "/" for 127.0.0.1 at 2014-11-11 22:04:17 +0700
Processing by StaticPagesController#home as HTML
  Rendered static_pages/home.html.erb within layouts/application (1.7ms)
  Rendered layouts/_shim.html.erb (0.6ms)
  Rendered layouts/_header.html.erb (1.0ms)
  Rendered layouts/_footer.html.erb (0.8ms)
Completed 200 OK in 123ms (Views: 121.6ms | ActiveRecord: 0.0ms)


Started GET "/help" for 127.0.0.1 at 2014-11-11 22:04:19 +0700
Processing by StaticPagesController#help as HTML
  Rendered static_pages/help.html.erb within layouts/application (0.9ms)
  Rendered layouts/_shim.html.erb (0.1ms)
  Rendered layouts/_header.html.erb (0.7ms)
  Rendered layouts/_footer.html.erb (0.2ms)
Completed 200 OK in 108ms (Views: 107.1ms | ActiveRecord: 0.0ms)


Started GET "/" for 127.0.0.1 at 2014-11-11 22:04:25 +0700
Processing by StaticPagesController#home as HTML
  Rendered static_pages/home.html.erb within layouts/application (0.6ms)
  Rendered layouts/_shim.html.erb (0.1ms)
  Rendered layouts/_header.html.erb (0.4ms)
  Rendered layouts/_footer.html.erb (0.2ms)
Completed 200 OK in 180ms (Views: 178.7ms | ActiveRecord: 0.0ms)


Started GET "/about" for 127.0.0.1 at 2014-11-11 22:04:28 +0700
Processing by StaticPagesController#about as HTML
  Rendered static_pages/about.html.erb within layouts/application (0.8ms)
  Rendered layouts/_shim.html.erb (0.1ms)
  Rendered layouts/_header.html.erb (0.6ms)
  Rendered layouts/_footer.html.erb (0.3ms)
Completed 200 OK in 203ms (Views: 201.6ms | ActiveRecord: 0.0ms)


Started GET "/contact" for 127.0.0.1 at 2014-11-11 22:04:34 +0700
Processing by StaticPagesController#contact as HTML
  Rendered static_pages/contact.html.erb within layouts/application (0.7ms)
  Rendered layouts/_shim.html.erb (0.1ms)
  Rendered layouts/_header.html.erb (0.7ms)
  Rendered layouts/_footer.html.erb (0.2ms)
Completed 200 OK in 140ms (Views: 139.1ms | ActiveRecord: 0.0ms)


Started GET "/contact" for 127.0.0.1 at 2014-11-11 22:08:33 +0700
Processing by StaticPagesController#contact as HTML
  Rendered static_pages/contact.html.erb within layouts/application (0.8ms)
  Rendered layouts/_shim.html.erb (0.1ms)
  Rendered layouts/_header.html.erb (0.5ms)
  Rendered layouts/_footer.html.erb (0.3ms)
Completed 200 OK in 153ms (Views: 149.4ms | ActiveRecord: 0.0ms)


Started GET "/assets/custom.css?body=1" for 127.0.0.1 at 2014-11-11 22:08:33 +0700


Started GET "/assets/static_pages.css?body=1" for 127.0.0.1 at 2014-11-11 22:08:33 +0700


Started GET "/assets/application.css?body=1" for 127.0.0.1 at 2014-11-11 22:08:33 +0700


Started GET "/assets/jquery.js?body=1" for 127.0.0.1 at 2014-11-11 22:08:33 +0700


Started GET "/assets/static_pages.js?body=1" for 127.0.0.1 at 2014-11-11 22:08:33 +0700


Started GET "/assets/turbolinks.js?body=1" for 127.0.0.1 at 2014-11-11 22:08:33 +0700


Started GET "/assets/jquery_ujs.js?body=1" for 127.0.0.1 at 2014-11-11 22:08:33 +0700


Started GET "/assets/application.js?body=1" for 127.0.0.1 at 2014-11-11 22:08:33 +0700


Started GET "/www.facebook.com/nphiep" for 127.0.0.1 at 2014-11-11 22:08:36 +0700

ActionController::RoutingError (No route matches [GET] "/www.facebook.com/nphiep"):
  actionpack (4.1.2) lib/action_dispatch/middleware/debug_exceptions.rb:21:in `call'
  actionpack (4.1.2) lib/action_dispatch/middleware/show_exceptions.rb:30:in `call'
  railties (4.1.2) lib/rails/rack/logger.rb:38:in `call_app'
  railties (4.1.2) lib/rails/rack/logger.rb:20:in `block in call'
  activesupport (4.1.2) lib/active_support/tagged_logging.rb:68:in `block in tagged'
  activesupport (4.1.2) lib/active_support/tagged_logging.rb:26:in `tagged'
  activesupport (4.1.2) lib/active_support/tagged_logging.rb:68:in `tagged'
  railties (4.1.2) lib/rails/rack/logger.rb:20:in `call'
  actionpack (4.1.2) lib/action_dispatch/middleware/request_id.rb:21:in `call'
  rack (1.5.2) lib/rack/methodoverride.rb:21:in `call'
  rack (1.5.2) lib/rack/runtime.rb:17:in `call'
  activesupport (4.1.2) lib/active_support/cache/strategy/local_cache_middleware.rb:26:in `call'
  rack (1.5.2) lib/rack/lock.rb:17:in `call'
  actionpack (4.1.2) lib/action_dispatch/middleware/static.rb:64:in `call'
  rack (1.5.2) lib/rack/sendfile.rb:112:in `call'
  railties (4.1.2) lib/rails/engine.rb:514:in `call'
  railties (4.1.2) lib/rails/application.rb:144:in `call'
  rack (1.5.2) lib/rack/lock.rb:17:in `call'
  rack (1.5.2) lib/rack/content_length.rb:14:in `call'
  rack (1.5.2) lib/rack/handler/webrick.rb:60:in `service'
  /home/hiepnp/.rvm/rubies/ruby-2.1.2/lib/ruby/2.1.0/webrick/httpserver.rb:138:in `service'
  /home/hiepnp/.rvm/rubies/ruby-2.1.2/lib/ruby/2.1.0/webrick/httpserver.rb:94:in `run'
  /home/hiepnp/.rvm/rubies/ruby-2.1.2/lib/ruby/2.1.0/webrick/server.rb:295:in `block in start_thread'


  Rendered /home/hiepnp/.rvm/gems/ruby-2.1.2/gems/actionpack-4.1.2/lib/action_dispatch/middleware/templates/rescues/_trace.html.erb (7.7ms)
  Rendered /home/hiepnp/.rvm/gems/ruby-2.1.2/gems/actionpack-4.1.2/lib/action_dispatch/middleware/templates/routes/_route.html.erb (1.6ms)
  Rendered /home/hiepnp/.rvm/gems/ruby-2.1.2/gems/actionpack-4.1.2/lib/action_dispatch/middleware/templates/routes/_table.html.erb (1.5ms)
  Rendered /home/hiepnp/.rvm/gems/ruby-2.1.2/gems/actionpack-4.1.2/lib/action_dispatch/middleware/templates/rescues/routing_error.html.erb within rescues/layout (48.3ms)


Started GET "/www.facebook.com/nphiep" for 127.0.0.1 at 2014-11-11 22:08:37 +0700

ActionController::RoutingError (No route matches [GET] "/www.facebook.com/nphiep"):
  actionpack (4.1.2) lib/action_dispatch/middleware/debug_exceptions.rb:21:in `call'
  actionpack (4.1.2) lib/action_dispatch/middleware/show_exceptions.rb:30:in `call'
  railties (4.1.2) lib/rails/rack/logger.rb:38:in `call_app'
  railties (4.1.2) lib/rails/rack/logger.rb:20:in `block in call'
  activesupport (4.1.2) lib/active_support/tagged_logging.rb:68:in `block in tagged'
  activesupport (4.1.2) lib/active_support/tagged_logging.rb:26:in `tagged'
  activesupport (4.1.2) lib/active_support/tagged_logging.rb:68:in `tagged'
  railties (4.1.2) lib/rails/rack/logger.rb:20:in `call'
  actionpack (4.1.2) lib/action_dispatch/middleware/request_id.rb:21:in `call'
  rack (1.5.2) lib/rack/methodoverride.rb:21:in `call'
  rack (1.5.2) lib/rack/runtime.rb:17:in `call'
  activesupport (4.1.2) lib/active_support/cache/strategy/local_cache_middleware.rb:26:in `call'
  rack (1.5.2) lib/rack/lock.rb:17:in `call'
  actionpack (4.1.2) lib/action_dispatch/middleware/static.rb:64:in `call'
  rack (1.5.2) lib/rack/sendfile.rb:112:in `call'
  railties (4.1.2) lib/rails/engine.rb:514:in `call'
  railties (4.1.2) lib/rails/application.rb:144:in `call'
  rack (1.5.2) lib/rack/lock.rb:17:in `call'
  rack (1.5.2) lib/rack/content_length.rb:14:in `call'
  rack (1.5.2) lib/rack/handler/webrick.rb:60:in `service'
  /home/hiepnp/.rvm/rubies/ruby-2.1.2/lib/ruby/2.1.0/webrick/httpserver.rb:138:in `service'
  /home/hiepnp/.rvm/rubies/ruby-2.1.2/lib/ruby/2.1.0/webrick/httpserver.rb:94:in `run'
  /home/hiepnp/.rvm/rubies/ruby-2.1.2/lib/ruby/2.1.0/webrick/server.rb:295:in `block in start_thread'


  Rendered /home/hiepnp/.rvm/gems/ruby-2.1.2/gems/actionpack-4.1.2/lib/action_dispatch/middleware/templates/rescues/_trace.html.erb (7.0ms)
  Rendered /home/hiepnp/.rvm/gems/ruby-2.1.2/gems/actionpack-4.1.2/lib/action_dispatch/middleware/templates/routes/_route.html.erb (1.5ms)
  Rendered /home/hiepnp/.rvm/gems/ruby-2.1.2/gems/actionpack-4.1.2/lib/action_dispatch/middleware/templates/routes/_table.html.erb (1.8ms)
  Rendered /home/hiepnp/.rvm/gems/ruby-2.1.2/gems/actionpack-4.1.2/lib/action_dispatch/middleware/templates/rescues/routing_error.html.erb within rescues/layout (41.1ms)


Started GET "/www.facebook.com/nphiep" for 127.0.0.1 at 2014-11-11 22:09:13 +0700

ActionController::RoutingError (No route matches [GET] "/www.facebook.com/nphiep"):
  actionpack (4.1.2) lib/action_dispatch/middleware/debug_exceptions.rb:21:in `call'
  actionpack (4.1.2) lib/action_dispatch/middleware/show_exceptions.rb:30:in `call'
  railties (4.1.2) lib/rails/rack/logger.rb:38:in `call_app'
  railties (4.1.2) lib/rails/rack/logger.rb:20:in `block in call'
  activesupport (4.1.2) lib/active_support/tagged_logging.rb:68:in `block in tagged'
  activesupport (4.1.2) lib/active_support/tagged_logging.rb:26:in `tagged'
  activesupport (4.1.2) lib/active_support/tagged_logging.rb:68:in `tagged'
  railties (4.1.2) lib/rails/rack/logger.rb:20:in `call'
  actionpack (4.1.2) lib/action_dispatch/middleware/request_id.rb:21:in `call'
  rack (1.5.2) lib/rack/methodoverride.rb:21:in `call'
  rack (1.5.2) lib/rack/runtime.rb:17:in `call'
  activesupport (4.1.2) lib/active_support/cache/strategy/local_cache_middleware.rb:26:in `call'
  rack (1.5.2) lib/rack/lock.rb:17:in `call'
  actionpack (4.1.2) lib/action_dispatch/middleware/static.rb:64:in `call'
  rack (1.5.2) lib/rack/sendfile.rb:112:in `call'
  railties (4.1.2) lib/rails/engine.rb:514:in `call'
  railties (4.1.2) lib/rails/application.rb:144:in `call'
  rack (1.5.2) lib/rack/lock.rb:17:in `call'
  rack (1.5.2) lib/rack/content_length.rb:14:in `call'
  rack (1.5.2) lib/rack/handler/webrick.rb:60:in `service'
  /home/hiepnp/.rvm/rubies/ruby-2.1.2/lib/ruby/2.1.0/webrick/httpserver.rb:138:in `service'
  /home/hiepnp/.rvm/rubies/ruby-2.1.2/lib/ruby/2.1.0/webrick/httpserver.rb:94:in `run'
  /home/hiepnp/.rvm/rubies/ruby-2.1.2/lib/ruby/2.1.0/webrick/server.rb:295:in `block in start_thread'


  Rendered /home/hiepnp/.rvm/gems/ruby-2.1.2/gems/actionpack-4.1.2/lib/action_dispatch/middleware/templates/rescues/_trace.html.erb (1.9ms)
  Rendered /home/hiepnp/.rvm/gems/ruby-2.1.2/gems/actionpack-4.1.2/lib/action_dispatch/middleware/templates/routes/_route.html.erb (1.7ms)
  Rendered /home/hiepnp/.rvm/gems/ruby-2.1.2/gems/actionpack-4.1.2/lib/action_dispatch/middleware/templates/routes/_table.html.erb (1.9ms)
  Rendered /home/hiepnp/.rvm/gems/ruby-2.1.2/gems/actionpack-4.1.2/lib/action_dispatch/middleware/templates/rescues/routing_error.html.erb within rescues/layout (75.2ms)


Started GET "/contact" for 127.0.0.1 at 2014-11-11 22:09:15 +0700
Processing by StaticPagesController#contact as HTML
  Rendered static_pages/contact.html.erb within layouts/application (0.6ms)
  Rendered layouts/_shim.html.erb (0.1ms)
  Rendered layouts/_header.html.erb (0.7ms)
  Rendered layouts/_footer.html.erb (0.2ms)
Completed 200 OK in 278ms (Views: 277.2ms | ActiveRecord: 0.0ms)


Started GET "/assets/custom.css?body=1" for 127.0.0.1 at 2014-11-11 22:09:16 +0700


Started GET "/assets/static_pages.css?body=1" for 127.0.0.1 at 2014-11-11 22:09:16 +0700


Started GET "/assets/jquery.js?body=1" for 127.0.0.1 at 2014-11-11 22:09:16 +0700


Started GET "/assets/jquery_ujs.js?body=1" for 127.0.0.1 at 2014-11-11 22:09:16 +0700


Started GET "/assets/application.css?body=1" for 127.0.0.1 at 2014-11-11 22:09:16 +0700


Started GET "/assets/turbolinks.js?body=1" for 127.0.0.1 at 2014-11-11 22:09:16 +0700


Started GET "/assets/static_pages.js?body=1" for 127.0.0.1 at 2014-11-11 22:09:16 +0700


Started GET "/assets/application.js?body=1" for 127.0.0.1 at 2014-11-11 22:09:16 +0700


Started GET "/about" for 127.0.0.1 at 2014-11-11 22:09:32 +0700
Processing by StaticPagesController#about as HTML
  Rendered static_pages/about.html.erb within layouts/application (6.8ms)
  Rendered layouts/_shim.html.erb (0.1ms)
  Rendered layouts/_header.html.erb (0.5ms)
  Rendered layouts/_footer.html.erb (0.2ms)
Completed 200 OK in 114ms (Views: 113.1ms | ActiveRecord: 0.0ms)


Started GET "/contact" for 127.0.0.1 at 2014-11-11 22:09:36 +0700
Processing by StaticPagesController#contact as HTML
  Rendered static_pages/contact.html.erb within layouts/application (0.7ms)
  Rendered layouts/_shim.html.erb (0.1ms)
  Rendered layouts/_header.html.erb (0.6ms)
  Rendered layouts/_footer.html.erb (0.2ms)
Completed 200 OK in 125ms (Views: 123.4ms | ActiveRecord: 0.0ms)


Started GET "/" for 127.0.0.1 at 2014-11-11 22:09:38 +0700
Processing by StaticPagesController#home as HTML
  Rendered static_pages/home.html.erb within layouts/application (0.7ms)
  Rendered layouts/_shim.html.erb (0.1ms)
  Rendered layouts/_header.html.erb (0.5ms)
  Rendered layouts/_footer.html.erb (0.2ms)
Completed 200 OK in 130ms (Views: 129.6ms | ActiveRecord: 0.0ms)


Started GET "/assets/rails.png" for 127.0.0.1 at 2014-11-11 22:09:38 +0700


Started GET "/" for 127.0.0.1 at 2014-11-11 22:32:40 +0700
Processing by StaticPagesController#home as HTML
  Rendered static_pages/home.html.erb within layouts/application (21.2ms)
  Rendered layouts/_shim.html.erb (0.5ms)
  Rendered layouts/_header.html.erb (1.1ms)
  Rendered layouts/_footer.html.erb (0.6ms)
Completed 200 OK in 534ms (Views: 515.3ms | ActiveRecord: 0.0ms)


Started GET "/assets/custom.css?body=1" for 127.0.0.1 at 2014-11-11 22:32:41 +0700


Started GET "/assets/static_pages.css?body=1" for 127.0.0.1 at 2014-11-11 22:32:41 +0700


Started GET "/assets/application.css?body=1" for 127.0.0.1 at 2014-11-11 22:32:41 +0700


Started GET "/assets/turbolinks.js?body=1" for 127.0.0.1 at 2014-11-11 22:32:41 +0700


Started GET "/assets/jquery_ujs.js?body=1" for 127.0.0.1 at 2014-11-11 22:32:41 +0700


Started GET "/assets/static_pages.js?body=1" for 127.0.0.1 at 2014-11-11 22:32:41 +0700


Started GET "/assets/application.js?body=1" for 127.0.0.1 at 2014-11-11 22:32:41 +0700


Started GET "/assets/jquery.js?body=1" for 127.0.0.1 at 2014-11-11 22:32:41 +0700


Started GET "/assets/rails.png" for 127.0.0.1 at 2014-11-11 22:32:41 +0700


Started GET "/contact" for 127.0.0.1 at 2014-11-11 22:32:46 +0700
Processing by StaticPagesController#contact as HTML
  Rendered static_pages/contact.html.erb within layouts/application (0.6ms)
  Rendered layouts/_shim.html.erb (0.5ms)
  Rendered layouts/_header.html.erb (1.0ms)
  Rendered layouts/_footer.html.erb (0.7ms)
Completed 200 OK in 99ms (Views: 98.3ms | ActiveRecord: 0.0ms)


Started GET "/about" for 127.0.0.1 at 2014-11-11 22:32:49 +0700
Processing by StaticPagesController#about as HTML
  Rendered static_pages/about.html.erb within layouts/application (0.7ms)
  Rendered layouts/_shim.html.erb (0.1ms)
  Rendered layouts/_header.html.erb (0.4ms)
  Rendered layouts/_footer.html.erb (0.2ms)
Completed 200 OK in 141ms (Views: 140.1ms | ActiveRecord: 0.0ms)


Started GET "/" for 127.0.0.1 at 2014-11-25 02:05:39 +0700
Processing by StaticPagesController#home as HTML
  Rendered static_pages/home.html.erb within layouts/application (119.8ms)
  Rendered layouts/_shim.html.erb (1.1ms)
  Rendered layouts/_header.html.erb (3.9ms)
  Rendered layouts/_footer.html.erb (10.9ms)
Completed 200 OK in 1477ms (Views: 1334.5ms | ActiveRecord: 0.0ms)


Started GET "/assets/custom.css?body=1" for 127.0.0.1 at 2014-11-25 02:05:43 +0700


Started GET "/assets/application.css?body=1" for 127.0.0.1 at 2014-11-25 02:05:43 +0700


Started GET "/assets/static_pages.css?body=1" for 127.0.0.1 at 2014-11-25 02:05:43 +0700


Started GET "/assets/jquery_ujs.js?body=1" for 127.0.0.1 at 2014-11-25 02:05:43 +0700


Started GET "/assets/turbolinks.js?body=1" for 127.0.0.1 at 2014-11-25 02:05:43 +0700


Started GET "/assets/static_pages.js?body=1" for 127.0.0.1 at 2014-11-25 02:05:43 +0700


Started GET "/assets/jquery.js?body=1" for 127.0.0.1 at 2014-11-25 02:05:43 +0700


Started GET "/assets/application.js?body=1" for 127.0.0.1 at 2014-11-25 02:05:44 +0700


Started GET "/assets/rails.png" for 127.0.0.1 at 2014-11-25 02:05:44 +0700
  [1m[36m (403.6ms)[0m  [1mCREATE TABLE "schema_migrations" ("version" varchar(255) NOT NULL) [0m
  [1m[35m (0.3ms)[0m  select sqlite_version(*)
  [1m[36m (230.6ms)[0m  [1mCREATE UNIQUE INDEX "unique_schema_migrations" ON "schema_migrations" ("version")[0m
  [1m[35mActiveRecord::SchemaMigration Load (0.3ms)[0m  SELECT "schema_migrations".* FROM "schema_migrations"
Migrating to CreateUsers (20141124190748)
  [1m[36m (0.2ms)[0m  [1mbegin transaction[0m
  [1m[35m (10.1ms)[0m  CREATE TABLE "users" ("id" INTEGER PRIMARY KEY AUTOINCREMENT NOT NULL, "name" varchar(255), "email" varchar(255), "created_at" datetime, "updated_at" datetime) 
  [1m[36mSQL (0.4ms)[0m  [1mINSERT INTO "schema_migrations" ("version") VALUES (?)[0m  [["version", "20141124190748"]]
  [1m[35m (84.5ms)[0m  commit transaction
  [1m[36mActiveRecord::SchemaMigration Load (0.3ms)[0m  [1mSELECT "schema_migrations".* FROM "schema_migrations"[0m
